====================================
Types potentially sent from browser:
====================================

Reachable types computed on: Mon May 21 14:47:26 IST 2012
E
   Serialization status
      Not serializable
   Path
      'E' is reachable from field 'exposeElement' of type 'java.util.ArrayList<E>'
      'java.util.ArrayList<java.lang.String>' is reachable as a subtype of type 'interface java.util.List<java.lang.String>'
      Started from 'java.util.List<java.lang.String>'

E
   Serialization status
      Not serializable
   Path
      'E' is reachable from field 'exposeElement' of type 'java.util.LinkedList<E>'
      'java.util.LinkedList<java.lang.String>' is reachable as a subtype of type 'interface java.util.List<java.lang.String>'
      Started from 'java.util.List<java.lang.String>'

E
   Serialization status
      Not serializable
   Path
      'E' is reachable from field 'element' of type 'java.util.Collections.SingletonList<E>'
      'java.util.Collections.SingletonList<java.lang.String>' is reachable as a subtype of type 'interface java.util.List<java.lang.String>'
      Started from 'java.util.List<java.lang.String>'

E
   Serialization status
      Not serializable
   Path
      'E' is reachable from field 'exposeElement' of type 'java.util.Vector<E>'
      'java.util.Vector<java.lang.String>' is reachable as a supertype of type 'class java.util.Stack<java.lang.String>'
      'java.util.Stack<java.lang.String>' is reachable as a subtype of type 'interface java.util.List<java.lang.String>'
      Started from 'java.util.List<java.lang.String>'

E[]
   Serialization status
      Not serializable
   Path
      'E[]' is reachable from field 'array' of type 'java.util.Arrays.ArrayList<E>'
      'java.util.Arrays.ArrayList<java.lang.String>' is reachable as a subtype of type 'interface java.util.List<java.lang.String>'
      Started from 'java.util.List<java.lang.String>'

com.google.gwt.user.client.rpc.IncompatibleRemoteServiceException
   Serialization status
      Instantiable
   Path
      Started from 'com.google.gwt.user.client.rpc.IncompatibleRemoteServiceException'

int
   Serialization status
      Not serializable
   Path
      'int' is reachable from field 'size' of type 'java.util.LinkedList<E>'
      'java.util.LinkedList<java.lang.String>' is reachable as a subtype of type 'interface java.util.List<java.lang.String>'
      Started from 'java.util.List<java.lang.String>'

java.lang.Exception
   Serialization status
      Field serializable
   Path
      'java.lang.Exception' is reachable as a supertype of type 'class java.lang.RuntimeException'
      'java.lang.RuntimeException' is reachable as a supertype of type 'class com.google.gwt.user.client.rpc.IncompatibleRemoteServiceException'
      'com.google.gwt.user.client.rpc.IncompatibleRemoteServiceException' is reachable as a subtype of type 'class com.google.gwt.user.client.rpc.IncompatibleRemoteServiceException'
      Started from 'com.google.gwt.user.client.rpc.IncompatibleRemoteServiceException'

java.lang.RuntimeException
   Serialization status
      Field serializable
   Path
      'java.lang.RuntimeException' is reachable as a supertype of type 'class com.google.gwt.user.client.rpc.IncompatibleRemoteServiceException'
      'com.google.gwt.user.client.rpc.IncompatibleRemoteServiceException' is reachable as a subtype of type 'class com.google.gwt.user.client.rpc.IncompatibleRemoteServiceException'
      Started from 'com.google.gwt.user.client.rpc.IncompatibleRemoteServiceException'

java.lang.String
   Serialization status
      Instantiable
   Path
      Started from 'java.lang.String'

java.lang.String[]
   Serialization status
      Instantiable
   Path
      'java.lang.String' is reachable from type argument 0 of type 'java.util.Arrays.ArrayList<E>'
      'java.util.Arrays.ArrayList<java.lang.String>' is reachable as a subtype of type 'interface java.util.List<java.lang.String>'
      Started from 'java.util.List<java.lang.String>'

java.lang.Throwable
   Serialization status
      Field serializable
   Path
      'java.lang.Throwable' is reachable as a supertype of type 'class java.lang.Exception'
      'java.lang.Exception' is reachable as a supertype of type 'class java.lang.RuntimeException'
      'java.lang.RuntimeException' is reachable as a supertype of type 'class com.google.gwt.user.client.rpc.IncompatibleRemoteServiceException'
      'com.google.gwt.user.client.rpc.IncompatibleRemoteServiceException' is reachable as a subtype of type 'class com.google.gwt.user.client.rpc.IncompatibleRemoteServiceException'
      Started from 'com.google.gwt.user.client.rpc.IncompatibleRemoteServiceException'

java.util.ArrayList<java.lang.String>
   Serialization status
      Instantiable
   Path
      'java.util.ArrayList<java.lang.String>' is reachable as a subtype of type 'interface java.util.List<java.lang.String>'
      Started from 'java.util.List<java.lang.String>'

java.util.Arrays.ArrayList<java.lang.String>
   Serialization status
      Instantiable
   Path
      'java.util.Arrays.ArrayList<java.lang.String>' is reachable as a subtype of type 'interface java.util.List<java.lang.String>'
      Started from 'java.util.List<java.lang.String>'

java.util.Collections.EmptyList
   Serialization status
      Instantiable
   Path
      'java.util.Collections.EmptyList' is reachable as a subtype of type 'interface java.util.List<java.lang.String>'
      Started from 'java.util.List<java.lang.String>'

java.util.Collections.SingletonList<java.lang.String>
   Serialization status
      Instantiable
   Path
      'java.util.Collections.SingletonList<java.lang.String>' is reachable as a subtype of type 'interface java.util.List<java.lang.String>'
      Started from 'java.util.List<java.lang.String>'

java.util.LinkedList<java.lang.String>
   Serialization status
      Instantiable
   Path
      'java.util.LinkedList<java.lang.String>' is reachable as a subtype of type 'interface java.util.List<java.lang.String>'
      Started from 'java.util.List<java.lang.String>'

java.util.LinkedList.Node<E>
   Serialization status
      Not serializable
   Path
      'java.util.LinkedList.Node<E>' is reachable from field 'header' of type 'java.util.LinkedList<E>'
      'java.util.LinkedList<java.lang.String>' is reachable as a subtype of type 'interface java.util.List<java.lang.String>'
      Started from 'java.util.List<java.lang.String>'

java.util.List<java.lang.String>
   Serialization status
      Not serializable
   Path
      Started from 'java.util.List<java.lang.String>'

java.util.Stack<java.lang.String>
   Serialization status
      Instantiable
   Path
      'java.util.Stack<java.lang.String>' is reachable as a subtype of type 'interface java.util.List<java.lang.String>'
      Started from 'java.util.List<java.lang.String>'

java.util.Vector<java.lang.String>
   Serialization status
      Instantiable
   Path
      'java.util.Vector<java.lang.String>' is reachable as a supertype of type 'class java.util.Stack<java.lang.String>'
      'java.util.Stack<java.lang.String>' is reachable as a subtype of type 'interface java.util.List<java.lang.String>'
      Started from 'java.util.List<java.lang.String>'

===================================
Types potentially sent from server:
===================================

Reachable types computed on: Mon May 21 14:47:26 IST 2012
E
   Serialization status
      Not serializable
   Path
      'E' is reachable from field 'exposeElement' of type 'java.util.ArrayList<E>'
      'java.util.ArrayList<java.lang.String>' is reachable as a subtype of type 'interface java.util.List<java.lang.String>'
      Started from 'java.util.List<java.lang.String>'

E
   Serialization status
      Not serializable
   Path
      'E' is reachable from field 'element' of type 'java.util.Collections.SingletonList<E>'
      'java.util.Collections.SingletonList<java.lang.String>' is reachable as a subtype of type 'interface java.util.List<java.lang.String>'
      Started from 'java.util.List<java.lang.String>'

E
   Serialization status
      Not serializable
   Path
      'E' is reachable from field 'exposeElement' of type 'java.util.Vector<E>'
      'java.util.Vector<java.lang.String>' is reachable as a supertype of type 'class java.util.Stack<java.lang.String>'
      'java.util.Stack<java.lang.String>' is reachable as a subtype of type 'interface java.util.List<java.lang.String>'
      Started from 'java.util.List<java.lang.String>'

E
   Serialization status
      Not serializable
   Path
      'E' is reachable from field 'exposeElement' of type 'java.util.LinkedList<E>'
      'java.util.LinkedList<java.lang.String>' is reachable as a subtype of type 'interface java.util.List<java.lang.String>'
      Started from 'java.util.List<java.lang.String>'

E[]
   Serialization status
      Not serializable
   Path
      'E[]' is reachable from field 'array' of type 'java.util.Arrays.ArrayList<E>'
      'java.util.Arrays.ArrayList<java.lang.String>' is reachable as a subtype of type 'interface java.util.List<java.lang.String>'
      Started from 'java.util.List<java.lang.String>'

K
   Serialization status
      Not serializable
   Path
      'K' is reachable from field 'exposeKey' of type 'java.util.HashMap<K, V>'
      'java.util.HashMap<java.lang.String, java.lang.Byte>' is reachable as a subtype of type 'interface java.util.Map<java.lang.String, java.lang.Byte>'
      Started from 'java.util.Map<java.lang.String, java.lang.Byte>'

K
   Serialization status
      Not serializable
   Path
      'K' is reachable from field 'exposeKey' of type 'java.util.IdentityHashMap<K, V>'
      'java.util.IdentityHashMap<java.lang.String, java.lang.Byte>' is reachable as a subtype of type 'interface java.util.Map<java.lang.String, java.lang.Byte>'
      Started from 'java.util.Map<java.lang.String, java.lang.Byte>'

K
   Serialization status
      Not serializable
   Path
      'K' is reachable from field 'exposeKeyType' of type 'java.util.TreeMap<K, V>'
      'java.util.TreeMap<java.lang.String, java.lang.Byte>' is reachable as a subtype of type 'interface java.util.Map<java.lang.String, java.lang.Byte>'
      Started from 'java.util.Map<java.lang.String, java.lang.Byte>'

V
   Serialization status
      Not serializable
   Path
      'V' is reachable from field 'exposeValue' of type 'java.util.HashMap<K, V>'
      'java.util.HashMap<java.lang.String, java.lang.Byte>' is reachable as a subtype of type 'interface java.util.Map<java.lang.String, java.lang.Byte>'
      Started from 'java.util.Map<java.lang.String, java.lang.Byte>'

V
   Serialization status
      Not serializable
   Path
      'V' is reachable from field 'exposeValueType' of type 'java.util.TreeMap<K, V>'
      'java.util.TreeMap<java.lang.String, java.lang.Byte>' is reachable as a subtype of type 'interface java.util.Map<java.lang.String, java.lang.Byte>'
      Started from 'java.util.Map<java.lang.String, java.lang.Byte>'

com.google.gwt.user.client.rpc.IncompatibleRemoteServiceException
   Serialization status
      Instantiable
   Path
      Started from 'com.google.gwt.user.client.rpc.IncompatibleRemoteServiceException'

com.openkm.frontend.client.OKMException
   Serialization status
      Instantiable
   Path
      Started from 'com.openkm.frontend.client.OKMException'

int
   Serialization status
      Not serializable
   Path
      'int' is reachable from field 'size' of type 'java.util.LinkedList<E>'
      'java.util.LinkedList<java.lang.String>' is reachable as a subtype of type 'interface java.util.List<java.lang.String>'
      Started from 'java.util.List<java.lang.String>'

java.lang.Byte
   Serialization status
      Instantiable
   Path
      'java.lang.Byte' is reachable from type argument 1 of type 'java.util.TreeMap<K, V>'
      'java.util.TreeMap<java.lang.String, java.lang.Byte>' is reachable as a subtype of type 'interface java.util.Map<java.lang.String, java.lang.Byte>'
      Started from 'java.util.Map<java.lang.String, java.lang.Byte>'

java.lang.Exception
   Serialization status
      Field serializable
   Path
      'java.lang.Exception' is reachable as a supertype of type 'class java.lang.RuntimeException'
      'java.lang.RuntimeException' is reachable as a supertype of type 'class com.google.gwt.user.client.rpc.IncompatibleRemoteServiceException'
      'com.google.gwt.user.client.rpc.IncompatibleRemoteServiceException' is reachable as a subtype of type 'class com.google.gwt.user.client.rpc.IncompatibleRemoteServiceException'
      Started from 'com.google.gwt.user.client.rpc.IncompatibleRemoteServiceException'

java.lang.Number
   Serialization status
      Field serializable
   Path
      'java.lang.Number' is reachable as a supertype of type 'class java.lang.Byte'
      'java.lang.Byte' is reachable as a subtype of type 'class java.lang.Byte'
      'java.lang.Byte' is reachable from type argument 1 of type 'java.util.TreeMap<K, V>'
      'java.util.TreeMap<java.lang.String, java.lang.Byte>' is reachable as a subtype of type 'interface java.util.Map<java.lang.String, java.lang.Byte>'
      Started from 'java.util.Map<java.lang.String, java.lang.Byte>'

java.lang.RuntimeException
   Serialization status
      Field serializable
   Path
      'java.lang.RuntimeException' is reachable as a supertype of type 'class com.google.gwt.user.client.rpc.IncompatibleRemoteServiceException'
      'com.google.gwt.user.client.rpc.IncompatibleRemoteServiceException' is reachable as a subtype of type 'class com.google.gwt.user.client.rpc.IncompatibleRemoteServiceException'
      Started from 'com.google.gwt.user.client.rpc.IncompatibleRemoteServiceException'

java.lang.String
   Serialization status
      Instantiable
   Path
      Started from 'java.lang.String'

java.lang.String[]
   Serialization status
      Instantiable
   Path
      'java.lang.String' is reachable from type argument 0 of type 'java.util.Arrays.ArrayList<E>'
      'java.util.Arrays.ArrayList<java.lang.String>' is reachable as a subtype of type 'interface java.util.List<java.lang.String>'
      Started from 'java.util.List<java.lang.String>'

java.lang.Throwable
   Serialization status
      Field serializable
   Path
      'java.lang.Throwable' is reachable as a supertype of type 'class java.lang.Exception'
      'java.lang.Exception' is reachable as a supertype of type 'class java.lang.RuntimeException'
      'java.lang.RuntimeException' is reachable as a supertype of type 'class com.google.gwt.user.client.rpc.IncompatibleRemoteServiceException'
      'com.google.gwt.user.client.rpc.IncompatibleRemoteServiceException' is reachable as a subtype of type 'class com.google.gwt.user.client.rpc.IncompatibleRemoteServiceException'
      Started from 'com.google.gwt.user.client.rpc.IncompatibleRemoteServiceException'

java.util.ArrayList<java.lang.String>
   Serialization status
      Instantiable
   Path
      'java.util.ArrayList<java.lang.String>' is reachable as a subtype of type 'interface java.util.List<java.lang.String>'
      Started from 'java.util.List<java.lang.String>'

java.util.Arrays.ArrayList<java.lang.String>
   Serialization status
      Instantiable
   Path
      'java.util.Arrays.ArrayList<java.lang.String>' is reachable as a subtype of type 'interface java.util.List<java.lang.String>'
      Started from 'java.util.List<java.lang.String>'

java.util.Collections.EmptyList
   Serialization status
      Instantiable
   Path
      'java.util.Collections.EmptyList' is reachable as a subtype of type 'interface java.util.List<java.lang.String>'
      Started from 'java.util.List<java.lang.String>'

java.util.Collections.EmptyMap
   Serialization status
      Instantiable
   Path
      'java.util.Collections.EmptyMap' is reachable as a subtype of type 'interface java.util.Map<java.lang.String, java.lang.Byte>'
      Started from 'java.util.Map<java.lang.String, java.lang.Byte>'

java.util.Collections.SingletonList<java.lang.String>
   Serialization status
      Instantiable
   Path
      'java.util.Collections.SingletonList<java.lang.String>' is reachable as a subtype of type 'interface java.util.List<java.lang.String>'
      Started from 'java.util.List<java.lang.String>'

java.util.Comparator<? super K>
   Serialization status
      Not serializable
   Path
      'java.util.Comparator<? super K>' is reachable from field 'cmp' of type 'java.util.TreeMap<K, V>'
      'java.util.TreeMap<java.lang.String, java.lang.Byte>' is reachable as a subtype of type 'interface java.util.Map<java.lang.String, java.lang.Byte>'
      Started from 'java.util.Map<java.lang.String, java.lang.Byte>'

java.util.HashMap<java.lang.String, java.lang.Byte>
   Serialization status
      Instantiable
   Path
      'java.util.HashMap<java.lang.String, java.lang.Byte>' is reachable as a subtype of type 'interface java.util.Map<java.lang.String, java.lang.Byte>'
      Started from 'java.util.Map<java.lang.String, java.lang.Byte>'

java.util.IdentityHashMap<java.lang.String, java.lang.Byte>
   Serialization status
      Instantiable
   Path
      'java.util.IdentityHashMap<java.lang.String, java.lang.Byte>' is reachable as a subtype of type 'interface java.util.Map<java.lang.String, java.lang.Byte>'
      Started from 'java.util.Map<java.lang.String, java.lang.Byte>'

java.util.LinkedHashMap<java.lang.String, java.lang.Byte>
   Serialization status
      Instantiable
   Path
      'java.util.LinkedHashMap<java.lang.String, java.lang.Byte>' is reachable as a subtype of type 'interface java.util.Map<java.lang.String, java.lang.Byte>'
      Started from 'java.util.Map<java.lang.String, java.lang.Byte>'

java.util.LinkedList<java.lang.String>
   Serialization status
      Instantiable
   Path
      'java.util.LinkedList<java.lang.String>' is reachable as a subtype of type 'interface java.util.List<java.lang.String>'
      Started from 'java.util.List<java.lang.String>'

java.util.LinkedList.Node<E>
   Serialization status
      Not serializable
   Path
      'java.util.LinkedList.Node<E>' is reachable from field 'header' of type 'java.util.LinkedList<E>'
      'java.util.LinkedList<java.lang.String>' is reachable as a subtype of type 'interface java.util.List<java.lang.String>'
      Started from 'java.util.List<java.lang.String>'

java.util.List<java.lang.String>
   Serialization status
      Not serializable
   Path
      Started from 'java.util.List<java.lang.String>'

java.util.Map<java.lang.String, java.lang.Byte>
   Serialization status
      Not serializable
   Path
      Started from 'java.util.Map<java.lang.String, java.lang.Byte>'

java.util.Stack<java.lang.String>
   Serialization status
      Instantiable
   Path
      'java.util.Stack<java.lang.String>' is reachable as a subtype of type 'interface java.util.List<java.lang.String>'
      Started from 'java.util.List<java.lang.String>'

java.util.TreeMap<java.lang.String, java.lang.Byte>
   Serialization status
      Instantiable
   Path
      'java.util.TreeMap<java.lang.String, java.lang.Byte>' is reachable as a subtype of type 'interface java.util.Map<java.lang.String, java.lang.Byte>'
      Started from 'java.util.Map<java.lang.String, java.lang.Byte>'

java.util.Vector<java.lang.String>
   Serialization status
      Instantiable
   Path
      'java.util.Vector<java.lang.String>' is reachable as a supertype of type 'class java.util.Stack<java.lang.String>'
      'java.util.Stack<java.lang.String>' is reachable as a subtype of type 'interface java.util.List<java.lang.String>'
      Started from 'java.util.List<java.lang.String>'

