====================================
Types potentially sent from browser:
====================================

Reachable types computed on: Mon May 21 14:47:30 IST 2012
com.google.gwt.user.client.rpc.IncompatibleRemoteServiceException
   Serialization status
      Instantiable
   Path
      Started from 'com.google.gwt.user.client.rpc.IncompatibleRemoteServiceException'

java.lang.Exception
   Serialization status
      Field serializable
   Path
      'java.lang.Exception' is reachable as a supertype of type 'class java.lang.RuntimeException'
      'java.lang.RuntimeException' is reachable as a supertype of type 'class com.google.gwt.user.client.rpc.IncompatibleRemoteServiceException'
      'com.google.gwt.user.client.rpc.IncompatibleRemoteServiceException' is reachable as a subtype of type 'class com.google.gwt.user.client.rpc.IncompatibleRemoteServiceException'
      Started from 'com.google.gwt.user.client.rpc.IncompatibleRemoteServiceException'

java.lang.RuntimeException
   Serialization status
      Field serializable
   Path
      'java.lang.RuntimeException' is reachable as a supertype of type 'class com.google.gwt.user.client.rpc.IncompatibleRemoteServiceException'
      'com.google.gwt.user.client.rpc.IncompatibleRemoteServiceException' is reachable as a subtype of type 'class com.google.gwt.user.client.rpc.IncompatibleRemoteServiceException'
      Started from 'com.google.gwt.user.client.rpc.IncompatibleRemoteServiceException'

java.lang.String
   Serialization status
      Instantiable
   Path
      Started from 'java.lang.String'

java.lang.Throwable
   Serialization status
      Field serializable
   Path
      'java.lang.Throwable' is reachable as a supertype of type 'class java.lang.Exception'
      'java.lang.Exception' is reachable as a supertype of type 'class java.lang.RuntimeException'
      'java.lang.RuntimeException' is reachable as a supertype of type 'class com.google.gwt.user.client.rpc.IncompatibleRemoteServiceException'
      'com.google.gwt.user.client.rpc.IncompatibleRemoteServiceException' is reachable as a subtype of type 'class com.google.gwt.user.client.rpc.IncompatibleRemoteServiceException'
      Started from 'com.google.gwt.user.client.rpc.IncompatibleRemoteServiceException'

===================================
Types potentially sent from server:
===================================

Reachable types computed on: Mon May 21 14:47:30 IST 2012
boolean
   Serialization status
      Not serializable
   Path
      'boolean' is reachable from field 'ambiguousYear' of type 'com.google.gwt.i18n.client.impl.DateRecord'
      'com.google.gwt.i18n.client.impl.DateRecord' is reachable as a subtype of type 'class java.util.Date'
      'java.util.Date' is reachable from field 'date' of type 'com.openkm.frontend.client.bean.GWTNote'
      'com.openkm.frontend.client.bean.GWTNote' is reachable as a subtype of type 'class com.openkm.frontend.client.bean.GWTNote'
      Started from 'com.openkm.frontend.client.bean.GWTNote'

com.google.gwt.i18n.client.impl.DateRecord
   Serialization status
      Instantiable
   Path
      'com.google.gwt.i18n.client.impl.DateRecord' is reachable as a subtype of type 'class java.util.Date'
      'java.util.Date' is reachable from field 'date' of type 'com.openkm.frontend.client.bean.GWTNote'
      'com.openkm.frontend.client.bean.GWTNote' is reachable as a subtype of type 'class com.openkm.frontend.client.bean.GWTNote'
      Started from 'com.openkm.frontend.client.bean.GWTNote'

com.google.gwt.user.client.rpc.IncompatibleRemoteServiceException
   Serialization status
      Instantiable
   Path
      Started from 'com.google.gwt.user.client.rpc.IncompatibleRemoteServiceException'

com.openkm.frontend.client.OKMException
   Serialization status
      Instantiable
   Path
      Started from 'com.openkm.frontend.client.OKMException'

com.openkm.frontend.client.bean.GWTNote
   Serialization status
      Instantiable
   Path
      Started from 'com.openkm.frontend.client.bean.GWTNote'

int
   Serialization status
      Not serializable
   Path
      'int' is reachable from field 'era' of type 'com.google.gwt.i18n.client.impl.DateRecord'
      'com.google.gwt.i18n.client.impl.DateRecord' is reachable as a subtype of type 'class java.util.Date'
      'java.util.Date' is reachable from field 'date' of type 'com.openkm.frontend.client.bean.GWTNote'
      'com.openkm.frontend.client.bean.GWTNote' is reachable as a subtype of type 'class com.openkm.frontend.client.bean.GWTNote'
      Started from 'com.openkm.frontend.client.bean.GWTNote'

java.lang.Exception
   Serialization status
      Field serializable
   Path
      'java.lang.Exception' is reachable as a supertype of type 'class java.lang.RuntimeException'
      'java.lang.RuntimeException' is reachable as a supertype of type 'class com.google.gwt.user.client.rpc.IncompatibleRemoteServiceException'
      'com.google.gwt.user.client.rpc.IncompatibleRemoteServiceException' is reachable as a subtype of type 'class com.google.gwt.user.client.rpc.IncompatibleRemoteServiceException'
      Started from 'com.google.gwt.user.client.rpc.IncompatibleRemoteServiceException'

java.lang.RuntimeException
   Serialization status
      Field serializable
   Path
      'java.lang.RuntimeException' is reachable as a supertype of type 'class com.google.gwt.user.client.rpc.IncompatibleRemoteServiceException'
      'com.google.gwt.user.client.rpc.IncompatibleRemoteServiceException' is reachable as a subtype of type 'class com.google.gwt.user.client.rpc.IncompatibleRemoteServiceException'
      Started from 'com.google.gwt.user.client.rpc.IncompatibleRemoteServiceException'

java.lang.String
   Serialization status
      Instantiable
   Path
      Started from 'java.lang.String'

java.lang.Throwable
   Serialization status
      Field serializable
   Path
      'java.lang.Throwable' is reachable as a supertype of type 'class java.lang.Exception'
      'java.lang.Exception' is reachable as a supertype of type 'class java.lang.RuntimeException'
      'java.lang.RuntimeException' is reachable as a supertype of type 'class com.google.gwt.user.client.rpc.IncompatibleRemoteServiceException'
      'com.google.gwt.user.client.rpc.IncompatibleRemoteServiceException' is reachable as a subtype of type 'class com.google.gwt.user.client.rpc.IncompatibleRemoteServiceException'
      Started from 'com.google.gwt.user.client.rpc.IncompatibleRemoteServiceException'

java.sql.Date
   Serialization status
      Instantiable
   Path
      'java.sql.Date' is reachable as a subtype of type 'class java.util.Date'
      'java.util.Date' is reachable from field 'date' of type 'com.openkm.frontend.client.bean.GWTNote'
      'com.openkm.frontend.client.bean.GWTNote' is reachable as a subtype of type 'class com.openkm.frontend.client.bean.GWTNote'
      Started from 'com.openkm.frontend.client.bean.GWTNote'

java.sql.Time
   Serialization status
      Instantiable
   Path
      'java.sql.Time' is reachable as a subtype of type 'class java.util.Date'
      'java.util.Date' is reachable from field 'date' of type 'com.openkm.frontend.client.bean.GWTNote'
      'com.openkm.frontend.client.bean.GWTNote' is reachable as a subtype of type 'class com.openkm.frontend.client.bean.GWTNote'
      Started from 'com.openkm.frontend.client.bean.GWTNote'

java.sql.Timestamp
   Serialization status
      Instantiable
   Path
      'java.sql.Timestamp' is reachable as a subtype of type 'class java.util.Date'
      'java.util.Date' is reachable from field 'date' of type 'com.openkm.frontend.client.bean.GWTNote'
      'com.openkm.frontend.client.bean.GWTNote' is reachable as a subtype of type 'class com.openkm.frontend.client.bean.GWTNote'
      Started from 'com.openkm.frontend.client.bean.GWTNote'

java.util.Date
   Serialization status
      Instantiable
   Path
      'java.util.Date' is reachable from field 'date' of type 'com.openkm.frontend.client.bean.GWTNote'
      'com.openkm.frontend.client.bean.GWTNote' is reachable as a subtype of type 'class com.openkm.frontend.client.bean.GWTNote'
      Started from 'com.openkm.frontend.client.bean.GWTNote'

