====================================
Types potentially sent from browser:
====================================

Reachable types computed on: Mon May 21 14:47:28 IST 2012
com.google.gwt.user.client.rpc.IncompatibleRemoteServiceException
   Serialization status
      Instantiable
   Path
      Started from 'com.google.gwt.user.client.rpc.IncompatibleRemoteServiceException'

java.lang.Exception
   Serialization status
      Field serializable
   Path
      'java.lang.Exception' is reachable as a supertype of type 'class java.lang.RuntimeException'
      'java.lang.RuntimeException' is reachable as a supertype of type 'class com.google.gwt.user.client.rpc.IncompatibleRemoteServiceException'
      'com.google.gwt.user.client.rpc.IncompatibleRemoteServiceException' is reachable as a subtype of type 'class com.google.gwt.user.client.rpc.IncompatibleRemoteServiceException'
      Started from 'com.google.gwt.user.client.rpc.IncompatibleRemoteServiceException'

java.lang.RuntimeException
   Serialization status
      Field serializable
   Path
      'java.lang.RuntimeException' is reachable as a supertype of type 'class com.google.gwt.user.client.rpc.IncompatibleRemoteServiceException'
      'com.google.gwt.user.client.rpc.IncompatibleRemoteServiceException' is reachable as a subtype of type 'class com.google.gwt.user.client.rpc.IncompatibleRemoteServiceException'
      Started from 'com.google.gwt.user.client.rpc.IncompatibleRemoteServiceException'

java.lang.String
   Serialization status
      Instantiable
   Path
      Started from 'java.lang.String'

java.lang.Throwable
   Serialization status
      Field serializable
   Path
      'java.lang.Throwable' is reachable as a supertype of type 'class java.lang.Exception'
      'java.lang.Exception' is reachable as a supertype of type 'class java.lang.RuntimeException'
      'java.lang.RuntimeException' is reachable as a supertype of type 'class com.google.gwt.user.client.rpc.IncompatibleRemoteServiceException'
      'com.google.gwt.user.client.rpc.IncompatibleRemoteServiceException' is reachable as a subtype of type 'class com.google.gwt.user.client.rpc.IncompatibleRemoteServiceException'
      Started from 'com.google.gwt.user.client.rpc.IncompatibleRemoteServiceException'

===================================
Types potentially sent from server:
===================================

Reachable types computed on: Mon May 21 14:47:28 IST 2012
E
   Serialization status
      Not serializable
   Path
      'E' is reachable from field 'exposeElement' of type 'java.util.ArrayList<E>'
      'java.util.ArrayList<com.openkm.frontend.client.bean.GWTBookmark>' is reachable as a subtype of type 'interface java.util.List<com.openkm.frontend.client.bean.GWTBookmark>'
      Started from 'java.util.List<com.openkm.frontend.client.bean.GWTBookmark>'

E
   Serialization status
      Not serializable
   Path
      'E' is reachable from field 'exposeElement' of type 'java.util.LinkedList<E>'
      'java.util.LinkedList<com.openkm.frontend.client.bean.GWTBookmark>' is reachable as a subtype of type 'interface java.util.List<com.openkm.frontend.client.bean.GWTBookmark>'
      Started from 'java.util.List<com.openkm.frontend.client.bean.GWTBookmark>'

E
   Serialization status
      Not serializable
   Path
      'E' is reachable from field 'element' of type 'java.util.Collections.SingletonList<E>'
      'java.util.Collections.SingletonList<com.openkm.frontend.client.bean.GWTBookmark>' is reachable as a subtype of type 'interface java.util.List<com.openkm.frontend.client.bean.GWTBookmark>'
      Started from 'java.util.List<com.openkm.frontend.client.bean.GWTBookmark>'

E
   Serialization status
      Not serializable
   Path
      'E' is reachable from field 'exposeElement' of type 'java.util.Vector<E>'
      'java.util.Vector<com.openkm.frontend.client.bean.GWTBookmark>' is reachable as a supertype of type 'class java.util.Stack<com.openkm.frontend.client.bean.GWTBookmark>'
      'java.util.Stack<com.openkm.frontend.client.bean.GWTBookmark>' is reachable as a subtype of type 'interface java.util.List<com.openkm.frontend.client.bean.GWTBookmark>'
      Started from 'java.util.List<com.openkm.frontend.client.bean.GWTBookmark>'

E[]
   Serialization status
      Not serializable
   Path
      'E[]' is reachable from field 'array' of type 'java.util.Arrays.ArrayList<E>'
      'java.util.Arrays.ArrayList<com.openkm.frontend.client.bean.GWTBookmark>' is reachable as a subtype of type 'interface java.util.List<com.openkm.frontend.client.bean.GWTBookmark>'
      Started from 'java.util.List<com.openkm.frontend.client.bean.GWTBookmark>'

com.google.gwt.user.client.rpc.IncompatibleRemoteServiceException
   Serialization status
      Instantiable
   Path
      Started from 'com.google.gwt.user.client.rpc.IncompatibleRemoteServiceException'

com.openkm.frontend.client.OKMException
   Serialization status
      Instantiable
   Path
      Started from 'com.openkm.frontend.client.OKMException'

com.openkm.frontend.client.bean.GWTBookmark
   Serialization status
      Instantiable
   Path
      Started from 'com.openkm.frontend.client.bean.GWTBookmark'

com.openkm.frontend.client.bean.GWTBookmark[]
   Serialization status
      Instantiable
   Path
      'com.openkm.frontend.client.bean.GWTBookmark' is reachable from type argument 0 of type 'java.util.Arrays.ArrayList<E>'
      'java.util.Arrays.ArrayList<com.openkm.frontend.client.bean.GWTBookmark>' is reachable as a subtype of type 'interface java.util.List<com.openkm.frontend.client.bean.GWTBookmark>'
      Started from 'java.util.List<com.openkm.frontend.client.bean.GWTBookmark>'

int
   Serialization status
      Not serializable
   Path
      'int' is reachable from field 'id' of type 'com.openkm.frontend.client.bean.GWTBookmark'
      'com.openkm.frontend.client.bean.GWTBookmark' is reachable as a subtype of type 'class com.openkm.frontend.client.bean.GWTBookmark'
      Started from 'com.openkm.frontend.client.bean.GWTBookmark'

java.lang.Exception
   Serialization status
      Field serializable
   Path
      'java.lang.Exception' is reachable as a supertype of type 'class java.lang.RuntimeException'
      'java.lang.RuntimeException' is reachable as a supertype of type 'class com.google.gwt.user.client.rpc.IncompatibleRemoteServiceException'
      'com.google.gwt.user.client.rpc.IncompatibleRemoteServiceException' is reachable as a subtype of type 'class com.google.gwt.user.client.rpc.IncompatibleRemoteServiceException'
      Started from 'com.google.gwt.user.client.rpc.IncompatibleRemoteServiceException'

java.lang.RuntimeException
   Serialization status
      Field serializable
   Path
      'java.lang.RuntimeException' is reachable as a supertype of type 'class com.google.gwt.user.client.rpc.IncompatibleRemoteServiceException'
      'com.google.gwt.user.client.rpc.IncompatibleRemoteServiceException' is reachable as a subtype of type 'class com.google.gwt.user.client.rpc.IncompatibleRemoteServiceException'
      Started from 'com.google.gwt.user.client.rpc.IncompatibleRemoteServiceException'

java.lang.String
   Serialization status
      Instantiable
   Path
      Started from 'java.lang.String'

java.lang.Throwable
   Serialization status
      Field serializable
   Path
      'java.lang.Throwable' is reachable as a supertype of type 'class java.lang.Exception'
      'java.lang.Exception' is reachable as a supertype of type 'class java.lang.RuntimeException'
      'java.lang.RuntimeException' is reachable as a supertype of type 'class com.google.gwt.user.client.rpc.IncompatibleRemoteServiceException'
      'com.google.gwt.user.client.rpc.IncompatibleRemoteServiceException' is reachable as a subtype of type 'class com.google.gwt.user.client.rpc.IncompatibleRemoteServiceException'
      Started from 'com.google.gwt.user.client.rpc.IncompatibleRemoteServiceException'

java.util.ArrayList<com.openkm.frontend.client.bean.GWTBookmark>
   Serialization status
      Instantiable
   Path
      'java.util.ArrayList<com.openkm.frontend.client.bean.GWTBookmark>' is reachable as a subtype of type 'interface java.util.List<com.openkm.frontend.client.bean.GWTBookmark>'
      Started from 'java.util.List<com.openkm.frontend.client.bean.GWTBookmark>'

java.util.Arrays.ArrayList<com.openkm.frontend.client.bean.GWTBookmark>
   Serialization status
      Instantiable
   Path
      'java.util.Arrays.ArrayList<com.openkm.frontend.client.bean.GWTBookmark>' is reachable as a subtype of type 'interface java.util.List<com.openkm.frontend.client.bean.GWTBookmark>'
      Started from 'java.util.List<com.openkm.frontend.client.bean.GWTBookmark>'

java.util.Collections.EmptyList
   Serialization status
      Instantiable
   Path
      'java.util.Collections.EmptyList' is reachable as a subtype of type 'interface java.util.List<com.openkm.frontend.client.bean.GWTBookmark>'
      Started from 'java.util.List<com.openkm.frontend.client.bean.GWTBookmark>'

java.util.Collections.SingletonList<com.openkm.frontend.client.bean.GWTBookmark>
   Serialization status
      Instantiable
   Path
      'java.util.Collections.SingletonList<com.openkm.frontend.client.bean.GWTBookmark>' is reachable as a subtype of type 'interface java.util.List<com.openkm.frontend.client.bean.GWTBookmark>'
      Started from 'java.util.List<com.openkm.frontend.client.bean.GWTBookmark>'

java.util.LinkedList<com.openkm.frontend.client.bean.GWTBookmark>
   Serialization status
      Instantiable
   Path
      'java.util.LinkedList<com.openkm.frontend.client.bean.GWTBookmark>' is reachable as a subtype of type 'interface java.util.List<com.openkm.frontend.client.bean.GWTBookmark>'
      Started from 'java.util.List<com.openkm.frontend.client.bean.GWTBookmark>'

java.util.LinkedList.Node<E>
   Serialization status
      Not serializable
   Path
      'java.util.LinkedList.Node<E>' is reachable from field 'header' of type 'java.util.LinkedList<E>'
      'java.util.LinkedList<com.openkm.frontend.client.bean.GWTBookmark>' is reachable as a subtype of type 'interface java.util.List<com.openkm.frontend.client.bean.GWTBookmark>'
      Started from 'java.util.List<com.openkm.frontend.client.bean.GWTBookmark>'

java.util.List<com.openkm.frontend.client.bean.GWTBookmark>
   Serialization status
      Not serializable
   Path
      Started from 'java.util.List<com.openkm.frontend.client.bean.GWTBookmark>'

java.util.Stack<com.openkm.frontend.client.bean.GWTBookmark>
   Serialization status
      Instantiable
   Path
      'java.util.Stack<com.openkm.frontend.client.bean.GWTBookmark>' is reachable as a subtype of type 'interface java.util.List<com.openkm.frontend.client.bean.GWTBookmark>'
      Started from 'java.util.List<com.openkm.frontend.client.bean.GWTBookmark>'

java.util.Vector<com.openkm.frontend.client.bean.GWTBookmark>
   Serialization status
      Instantiable
   Path
      'java.util.Vector<com.openkm.frontend.client.bean.GWTBookmark>' is reachable as a supertype of type 'class java.util.Stack<com.openkm.frontend.client.bean.GWTBookmark>'
      'java.util.Stack<com.openkm.frontend.client.bean.GWTBookmark>' is reachable as a subtype of type 'interface java.util.List<com.openkm.frontend.client.bean.GWTBookmark>'
      Started from 'java.util.List<com.openkm.frontend.client.bean.GWTBookmark>'

