====================================
Types potentially sent from browser:
====================================

Reachable types computed on: Mon May 21 14:47:26 IST 2012
com.google.gwt.user.client.rpc.IncompatibleRemoteServiceException
   Serialization status
      Instantiable
   Path
      Started from 'com.google.gwt.user.client.rpc.IncompatibleRemoteServiceException'

java.lang.Exception
   Serialization status
      Field serializable
   Path
      'java.lang.Exception' is reachable as a supertype of type 'class java.lang.RuntimeException'
      'java.lang.RuntimeException' is reachable as a supertype of type 'class com.google.gwt.user.client.rpc.IncompatibleRemoteServiceException'
      'com.google.gwt.user.client.rpc.IncompatibleRemoteServiceException' is reachable as a subtype of type 'class com.google.gwt.user.client.rpc.IncompatibleRemoteServiceException'
      Started from 'com.google.gwt.user.client.rpc.IncompatibleRemoteServiceException'

java.lang.RuntimeException
   Serialization status
      Field serializable
   Path
      'java.lang.RuntimeException' is reachable as a supertype of type 'class com.google.gwt.user.client.rpc.IncompatibleRemoteServiceException'
      'com.google.gwt.user.client.rpc.IncompatibleRemoteServiceException' is reachable as a subtype of type 'class com.google.gwt.user.client.rpc.IncompatibleRemoteServiceException'
      Started from 'com.google.gwt.user.client.rpc.IncompatibleRemoteServiceException'

java.lang.String
   Serialization status
      Instantiable
   Path
      Started from 'java.lang.String'

java.lang.Throwable
   Serialization status
      Field serializable
   Path
      'java.lang.Throwable' is reachable as a supertype of type 'class java.lang.Exception'
      'java.lang.Exception' is reachable as a supertype of type 'class java.lang.RuntimeException'
      'java.lang.RuntimeException' is reachable as a supertype of type 'class com.google.gwt.user.client.rpc.IncompatibleRemoteServiceException'
      'com.google.gwt.user.client.rpc.IncompatibleRemoteServiceException' is reachable as a subtype of type 'class com.google.gwt.user.client.rpc.IncompatibleRemoteServiceException'
      Started from 'com.google.gwt.user.client.rpc.IncompatibleRemoteServiceException'

===================================
Types potentially sent from server:
===================================

Reachable types computed on: Mon May 21 14:47:26 IST 2012
E
   Serialization status
      Not serializable
   Path
      'E' is reachable from field 'element' of type 'java.util.Collections.SingletonList<E>'
      'java.util.Collections.SingletonList<com.openkm.frontend.client.bean.GWTNote>' is reachable as a subtype of type 'interface java.util.List<com.openkm.frontend.client.bean.GWTNote>'
      'java.util.List<com.openkm.frontend.client.bean.GWTNote>' is reachable from field 'notes' of type 'com.openkm.frontend.client.bean.GWTDocument'
      'com.openkm.frontend.client.bean.GWTDocument' is reachable as a subtype of type 'class com.openkm.frontend.client.bean.GWTDocument'
      'com.openkm.frontend.client.bean.GWTDocument' is reachable from type argument 0 of type 'java.util.ArrayList<E>'
      'java.util.ArrayList<com.openkm.frontend.client.bean.GWTDocument>' is reachable as a subtype of type 'interface java.util.Collection<com.openkm.frontend.client.bean.GWTDocument>'
      'java.util.Collection<com.openkm.frontend.client.bean.GWTDocument>' is reachable from field 'attachments' of type 'com.openkm.frontend.client.bean.GWTMail'
      'com.openkm.frontend.client.bean.GWTMail' is reachable as a subtype of type 'class com.openkm.frontend.client.bean.GWTMail'
      'com.openkm.frontend.client.bean.GWTMail' is reachable from type argument 0 of type 'java.util.LinkedList<E>'
      'java.util.LinkedList<com.openkm.frontend.client.bean.GWTMail>' is reachable as a subtype of type 'interface java.util.List<com.openkm.frontend.client.bean.GWTMail>'
      Started from 'java.util.List<com.openkm.frontend.client.bean.GWTMail>'

E
   Serialization status
      Not serializable
   Path
      'E' is reachable from field 'exposeElement' of type 'java.util.ArrayList<E>'
      'java.util.ArrayList<com.openkm.frontend.client.bean.GWTNote>' is reachable as a subtype of type 'interface java.util.List<com.openkm.frontend.client.bean.GWTNote>'
      'java.util.List<com.openkm.frontend.client.bean.GWTNote>' is reachable from field 'notes' of type 'com.openkm.frontend.client.bean.GWTDocument'
      'com.openkm.frontend.client.bean.GWTDocument' is reachable as a subtype of type 'class com.openkm.frontend.client.bean.GWTDocument'
      'com.openkm.frontend.client.bean.GWTDocument' is reachable from type argument 0 of type 'java.util.ArrayList<E>'
      'java.util.ArrayList<com.openkm.frontend.client.bean.GWTDocument>' is reachable as a subtype of type 'interface java.util.Collection<com.openkm.frontend.client.bean.GWTDocument>'
      'java.util.Collection<com.openkm.frontend.client.bean.GWTDocument>' is reachable from field 'attachments' of type 'com.openkm.frontend.client.bean.GWTMail'
      'com.openkm.frontend.client.bean.GWTMail' is reachable as a subtype of type 'class com.openkm.frontend.client.bean.GWTMail'
      'com.openkm.frontend.client.bean.GWTMail' is reachable from type argument 0 of type 'java.util.LinkedList<E>'
      'java.util.LinkedList<com.openkm.frontend.client.bean.GWTMail>' is reachable as a subtype of type 'interface java.util.List<com.openkm.frontend.client.bean.GWTMail>'
      Started from 'java.util.List<com.openkm.frontend.client.bean.GWTMail>'

E
   Serialization status
      Not serializable
   Path
      'E' is reachable from field 'exposeElement' of type 'java.util.Vector<E>'
      'java.util.Vector<com.openkm.frontend.client.bean.GWTNote>' is reachable as a supertype of type 'class java.util.Stack<com.openkm.frontend.client.bean.GWTNote>'
      'java.util.Stack<com.openkm.frontend.client.bean.GWTNote>' is reachable as a subtype of type 'interface java.util.List<com.openkm.frontend.client.bean.GWTNote>'
      'java.util.List<com.openkm.frontend.client.bean.GWTNote>' is reachable from field 'notes' of type 'com.openkm.frontend.client.bean.GWTDocument'
      'com.openkm.frontend.client.bean.GWTDocument' is reachable as a subtype of type 'class com.openkm.frontend.client.bean.GWTDocument'
      'com.openkm.frontend.client.bean.GWTDocument' is reachable from type argument 0 of type 'java.util.ArrayList<E>'
      'java.util.ArrayList<com.openkm.frontend.client.bean.GWTDocument>' is reachable as a subtype of type 'interface java.util.Collection<com.openkm.frontend.client.bean.GWTDocument>'
      'java.util.Collection<com.openkm.frontend.client.bean.GWTDocument>' is reachable from field 'attachments' of type 'com.openkm.frontend.client.bean.GWTMail'
      'com.openkm.frontend.client.bean.GWTMail' is reachable as a subtype of type 'class com.openkm.frontend.client.bean.GWTMail'
      'com.openkm.frontend.client.bean.GWTMail' is reachable from type argument 0 of type 'java.util.LinkedList<E>'
      'java.util.LinkedList<com.openkm.frontend.client.bean.GWTMail>' is reachable as a subtype of type 'interface java.util.List<com.openkm.frontend.client.bean.GWTMail>'
      Started from 'java.util.List<com.openkm.frontend.client.bean.GWTMail>'

E
   Serialization status
      Not serializable
   Path
      'E' is reachable from field 'exposeElement' of type 'java.util.LinkedList<E>'
      'java.util.LinkedList<com.openkm.frontend.client.bean.GWTNote>' is reachable as a subtype of type 'interface java.util.List<com.openkm.frontend.client.bean.GWTNote>'
      'java.util.List<com.openkm.frontend.client.bean.GWTNote>' is reachable from field 'notes' of type 'com.openkm.frontend.client.bean.GWTDocument'
      'com.openkm.frontend.client.bean.GWTDocument' is reachable as a subtype of type 'class com.openkm.frontend.client.bean.GWTDocument'
      'com.openkm.frontend.client.bean.GWTDocument' is reachable from type argument 0 of type 'java.util.ArrayList<E>'
      'java.util.ArrayList<com.openkm.frontend.client.bean.GWTDocument>' is reachable as a subtype of type 'interface java.util.Collection<com.openkm.frontend.client.bean.GWTDocument>'
      'java.util.Collection<com.openkm.frontend.client.bean.GWTDocument>' is reachable from field 'attachments' of type 'com.openkm.frontend.client.bean.GWTMail'
      'com.openkm.frontend.client.bean.GWTMail' is reachable as a subtype of type 'class com.openkm.frontend.client.bean.GWTMail'
      'com.openkm.frontend.client.bean.GWTMail' is reachable from type argument 0 of type 'java.util.LinkedList<E>'
      'java.util.LinkedList<com.openkm.frontend.client.bean.GWTMail>' is reachable as a subtype of type 'interface java.util.List<com.openkm.frontend.client.bean.GWTMail>'
      Started from 'java.util.List<com.openkm.frontend.client.bean.GWTMail>'

E
   Serialization status
      Not serializable
   Path
      'E' is reachable from field 'exposeElement' of type 'java.util.HashSet<E>'
      'java.util.HashSet<java.lang.String>' is reachable as a subtype of type 'interface java.util.Set<java.lang.String>'
      'java.util.Set<java.lang.String>' is reachable from field 'subscriptors' of type 'com.openkm.frontend.client.bean.GWTDocument'
      'com.openkm.frontend.client.bean.GWTDocument' is reachable as a subtype of type 'class com.openkm.frontend.client.bean.GWTDocument'
      'com.openkm.frontend.client.bean.GWTDocument' is reachable from type argument 0 of type 'java.util.ArrayList<E>'
      'java.util.ArrayList<com.openkm.frontend.client.bean.GWTDocument>' is reachable as a subtype of type 'interface java.util.Collection<com.openkm.frontend.client.bean.GWTDocument>'
      'java.util.Collection<com.openkm.frontend.client.bean.GWTDocument>' is reachable from field 'attachments' of type 'com.openkm.frontend.client.bean.GWTMail'
      'com.openkm.frontend.client.bean.GWTMail' is reachable as a subtype of type 'class com.openkm.frontend.client.bean.GWTMail'
      'com.openkm.frontend.client.bean.GWTMail' is reachable from type argument 0 of type 'java.util.LinkedList<E>'
      'java.util.LinkedList<com.openkm.frontend.client.bean.GWTMail>' is reachable as a subtype of type 'interface java.util.List<com.openkm.frontend.client.bean.GWTMail>'
      Started from 'java.util.List<com.openkm.frontend.client.bean.GWTMail>'

E
   Serialization status
      Not serializable
   Path
      'E' is reachable from type argument 0 of type 'java.util.TreeMap<K, V>'
      'java.util.TreeMap<E, java.lang.Boolean>' is reachable as a subtype of type 'interface java.util.SortedMap<E, java.lang.Boolean>'
      'java.util.SortedMap<E, java.lang.Boolean>' is reachable from field 'map' of type 'java.util.TreeSet<E>'
      'java.util.TreeSet<java.lang.String>' is reachable as a subtype of type 'interface java.util.Set<java.lang.String>'
      'java.util.Set<java.lang.String>' is reachable from field 'subscriptors' of type 'com.openkm.frontend.client.bean.GWTDocument'
      'com.openkm.frontend.client.bean.GWTDocument' is reachable as a subtype of type 'class com.openkm.frontend.client.bean.GWTDocument'
      'com.openkm.frontend.client.bean.GWTDocument' is reachable from type argument 0 of type 'java.util.ArrayList<E>'
      'java.util.ArrayList<com.openkm.frontend.client.bean.GWTDocument>' is reachable as a subtype of type 'interface java.util.Collection<com.openkm.frontend.client.bean.GWTDocument>'
      'java.util.Collection<com.openkm.frontend.client.bean.GWTDocument>' is reachable from field 'attachments' of type 'com.openkm.frontend.client.bean.GWTMail'
      'com.openkm.frontend.client.bean.GWTMail' is reachable as a subtype of type 'class com.openkm.frontend.client.bean.GWTMail'
      'com.openkm.frontend.client.bean.GWTMail' is reachable from type argument 0 of type 'java.util.LinkedList<E>'
      'java.util.LinkedList<com.openkm.frontend.client.bean.GWTMail>' is reachable as a subtype of type 'interface java.util.List<com.openkm.frontend.client.bean.GWTMail>'
      Started from 'java.util.List<com.openkm.frontend.client.bean.GWTMail>'

E[]
   Serialization status
      Not serializable
   Path
      'E[]' is reachable from field 'array' of type 'java.util.Arrays.ArrayList<E>'
      'java.util.Arrays.ArrayList<com.openkm.frontend.client.bean.GWTNote>' is reachable as a subtype of type 'interface java.util.List<com.openkm.frontend.client.bean.GWTNote>'
      'java.util.List<com.openkm.frontend.client.bean.GWTNote>' is reachable from field 'notes' of type 'com.openkm.frontend.client.bean.GWTDocument'
      'com.openkm.frontend.client.bean.GWTDocument' is reachable as a subtype of type 'class com.openkm.frontend.client.bean.GWTDocument'
      'com.openkm.frontend.client.bean.GWTDocument' is reachable from type argument 0 of type 'java.util.ArrayList<E>'
      'java.util.ArrayList<com.openkm.frontend.client.bean.GWTDocument>' is reachable as a subtype of type 'interface java.util.Collection<com.openkm.frontend.client.bean.GWTDocument>'
      'java.util.Collection<com.openkm.frontend.client.bean.GWTDocument>' is reachable from field 'attachments' of type 'com.openkm.frontend.client.bean.GWTMail'
      'com.openkm.frontend.client.bean.GWTMail' is reachable as a subtype of type 'class com.openkm.frontend.client.bean.GWTMail'
      'com.openkm.frontend.client.bean.GWTMail' is reachable from type argument 0 of type 'java.util.LinkedList<E>'
      'java.util.LinkedList<com.openkm.frontend.client.bean.GWTMail>' is reachable as a subtype of type 'interface java.util.List<com.openkm.frontend.client.bean.GWTMail>'
      Started from 'java.util.List<com.openkm.frontend.client.bean.GWTMail>'

K
   Serialization status
      Not serializable
   Path
      'K' is reachable from field 'exposeKeyType' of type 'java.util.TreeMap<K, V>'
      'java.util.TreeMap<E, java.lang.Boolean>' is reachable as a subtype of type 'interface java.util.SortedMap<E, java.lang.Boolean>'
      'java.util.SortedMap<E, java.lang.Boolean>' is reachable from field 'map' of type 'java.util.TreeSet<E>'
      'java.util.TreeSet<java.lang.String>' is reachable as a subtype of type 'interface java.util.Set<java.lang.String>'
      'java.util.Set<java.lang.String>' is reachable from field 'subscriptors' of type 'com.openkm.frontend.client.bean.GWTDocument'
      'com.openkm.frontend.client.bean.GWTDocument' is reachable as a subtype of type 'class com.openkm.frontend.client.bean.GWTDocument'
      'com.openkm.frontend.client.bean.GWTDocument' is reachable from type argument 0 of type 'java.util.ArrayList<E>'
      'java.util.ArrayList<com.openkm.frontend.client.bean.GWTDocument>' is reachable as a subtype of type 'interface java.util.Collection<com.openkm.frontend.client.bean.GWTDocument>'
      'java.util.Collection<com.openkm.frontend.client.bean.GWTDocument>' is reachable from field 'attachments' of type 'com.openkm.frontend.client.bean.GWTMail'
      'com.openkm.frontend.client.bean.GWTMail' is reachable as a subtype of type 'class com.openkm.frontend.client.bean.GWTMail'
      'com.openkm.frontend.client.bean.GWTMail' is reachable from type argument 0 of type 'java.util.LinkedList<E>'
      'java.util.LinkedList<com.openkm.frontend.client.bean.GWTMail>' is reachable as a subtype of type 'interface java.util.List<com.openkm.frontend.client.bean.GWTMail>'
      Started from 'java.util.List<com.openkm.frontend.client.bean.GWTMail>'

V
   Serialization status
      Not serializable
   Path
      'V' is reachable from field 'exposeValueType' of type 'java.util.TreeMap<K, V>'
      'java.util.TreeMap<E, java.lang.Boolean>' is reachable as a subtype of type 'interface java.util.SortedMap<E, java.lang.Boolean>'
      'java.util.SortedMap<E, java.lang.Boolean>' is reachable from field 'map' of type 'java.util.TreeSet<E>'
      'java.util.TreeSet<java.lang.String>' is reachable as a subtype of type 'interface java.util.Set<java.lang.String>'
      'java.util.Set<java.lang.String>' is reachable from field 'subscriptors' of type 'com.openkm.frontend.client.bean.GWTDocument'
      'com.openkm.frontend.client.bean.GWTDocument' is reachable as a subtype of type 'class com.openkm.frontend.client.bean.GWTDocument'
      'com.openkm.frontend.client.bean.GWTDocument' is reachable from type argument 0 of type 'java.util.ArrayList<E>'
      'java.util.ArrayList<com.openkm.frontend.client.bean.GWTDocument>' is reachable as a subtype of type 'interface java.util.Collection<com.openkm.frontend.client.bean.GWTDocument>'
      'java.util.Collection<com.openkm.frontend.client.bean.GWTDocument>' is reachable from field 'attachments' of type 'com.openkm.frontend.client.bean.GWTMail'
      'com.openkm.frontend.client.bean.GWTMail' is reachable as a subtype of type 'class com.openkm.frontend.client.bean.GWTMail'
      'com.openkm.frontend.client.bean.GWTMail' is reachable from type argument 0 of type 'java.util.LinkedList<E>'
      'java.util.LinkedList<com.openkm.frontend.client.bean.GWTMail>' is reachable as a subtype of type 'interface java.util.List<com.openkm.frontend.client.bean.GWTMail>'
      Started from 'java.util.List<com.openkm.frontend.client.bean.GWTMail>'

boolean
   Serialization status
      Not serializable
   Path
      'boolean' is reachable from field 'ambiguousYear' of type 'com.google.gwt.i18n.client.impl.DateRecord'
      'com.google.gwt.i18n.client.impl.DateRecord' is reachable as a subtype of type 'class java.util.Date'
      'java.util.Date' is reachable from field 'sentDate' of type 'com.openkm.frontend.client.bean.GWTMail'
      'com.openkm.frontend.client.bean.GWTMail' is reachable as a subtype of type 'class com.openkm.frontend.client.bean.GWTMail'
      'com.openkm.frontend.client.bean.GWTMail' is reachable from type argument 0 of type 'java.util.LinkedList<E>'
      'java.util.LinkedList<com.openkm.frontend.client.bean.GWTMail>' is reachable as a subtype of type 'interface java.util.List<com.openkm.frontend.client.bean.GWTMail>'
      Started from 'java.util.List<com.openkm.frontend.client.bean.GWTMail>'

byte
   Serialization status
      Not serializable
   Path
      'byte' is reachable from field 'permissions' of type 'com.openkm.frontend.client.bean.GWTMail'
      'com.openkm.frontend.client.bean.GWTMail' is reachable as a subtype of type 'class com.openkm.frontend.client.bean.GWTMail'
      'com.openkm.frontend.client.bean.GWTMail' is reachable from type argument 0 of type 'java.util.LinkedList<E>'
      'java.util.LinkedList<com.openkm.frontend.client.bean.GWTMail>' is reachable as a subtype of type 'interface java.util.List<com.openkm.frontend.client.bean.GWTMail>'
      Started from 'java.util.List<com.openkm.frontend.client.bean.GWTMail>'

byte[]
   Serialization status
      Instantiable
   Path
      'byte[]' is reachable from field 'content' of type 'com.openkm.frontend.client.bean.GWTDocument'
      'com.openkm.frontend.client.bean.GWTDocument' is reachable as a subtype of type 'class com.openkm.frontend.client.bean.GWTDocument'
      'com.openkm.frontend.client.bean.GWTDocument' is reachable from type argument 0 of type 'java.util.ArrayList<E>'
      'java.util.ArrayList<com.openkm.frontend.client.bean.GWTDocument>' is reachable as a subtype of type 'interface java.util.Collection<com.openkm.frontend.client.bean.GWTDocument>'
      'java.util.Collection<com.openkm.frontend.client.bean.GWTDocument>' is reachable from field 'attachments' of type 'com.openkm.frontend.client.bean.GWTMail'
      'com.openkm.frontend.client.bean.GWTMail' is reachable as a subtype of type 'class com.openkm.frontend.client.bean.GWTMail'
      'com.openkm.frontend.client.bean.GWTMail' is reachable from type argument 0 of type 'java.util.LinkedList<E>'
      'java.util.LinkedList<com.openkm.frontend.client.bean.GWTMail>' is reachable as a subtype of type 'interface java.util.List<com.openkm.frontend.client.bean.GWTMail>'
      Started from 'java.util.List<com.openkm.frontend.client.bean.GWTMail>'

com.google.gwt.i18n.client.impl.DateRecord
   Serialization status
      Instantiable
   Path
      'com.google.gwt.i18n.client.impl.DateRecord' is reachable as a subtype of type 'class java.util.Date'
      'java.util.Date' is reachable from field 'sentDate' of type 'com.openkm.frontend.client.bean.GWTMail'
      'com.openkm.frontend.client.bean.GWTMail' is reachable as a subtype of type 'class com.openkm.frontend.client.bean.GWTMail'
      'com.openkm.frontend.client.bean.GWTMail' is reachable from type argument 0 of type 'java.util.LinkedList<E>'
      'java.util.LinkedList<com.openkm.frontend.client.bean.GWTMail>' is reachable as a subtype of type 'interface java.util.List<com.openkm.frontend.client.bean.GWTMail>'
      Started from 'java.util.List<com.openkm.frontend.client.bean.GWTMail>'

com.google.gwt.user.client.rpc.IncompatibleRemoteServiceException
   Serialization status
      Instantiable
   Path
      Started from 'com.google.gwt.user.client.rpc.IncompatibleRemoteServiceException'

com.openkm.frontend.client.OKMException
   Serialization status
      Instantiable
   Path
      Started from 'com.openkm.frontend.client.OKMException'

com.openkm.frontend.client.bean.GWTDocument
   Serialization status
      Instantiable
   Path
      'com.openkm.frontend.client.bean.GWTDocument' is reachable from type argument 0 of type 'java.util.ArrayList<E>'
      'java.util.ArrayList<com.openkm.frontend.client.bean.GWTDocument>' is reachable as a subtype of type 'interface java.util.Collection<com.openkm.frontend.client.bean.GWTDocument>'
      'java.util.Collection<com.openkm.frontend.client.bean.GWTDocument>' is reachable from field 'attachments' of type 'com.openkm.frontend.client.bean.GWTMail'
      'com.openkm.frontend.client.bean.GWTMail' is reachable as a subtype of type 'class com.openkm.frontend.client.bean.GWTMail'
      'com.openkm.frontend.client.bean.GWTMail' is reachable from type argument 0 of type 'java.util.LinkedList<E>'
      'java.util.LinkedList<com.openkm.frontend.client.bean.GWTMail>' is reachable as a subtype of type 'interface java.util.List<com.openkm.frontend.client.bean.GWTMail>'
      Started from 'java.util.List<com.openkm.frontend.client.bean.GWTMail>'

com.openkm.frontend.client.bean.GWTDocument[]
   Serialization status
      Instantiable
   Path
      'com.openkm.frontend.client.bean.GWTDocument' is reachable from type argument 0 of type 'java.util.Arrays.ArrayList<E>'
      'java.util.Arrays.ArrayList<com.openkm.frontend.client.bean.GWTDocument>' is reachable as a subtype of type 'interface java.util.Collection<com.openkm.frontend.client.bean.GWTDocument>'
      'java.util.Collection<com.openkm.frontend.client.bean.GWTDocument>' is reachable from field 'attachments' of type 'com.openkm.frontend.client.bean.GWTMail'
      'com.openkm.frontend.client.bean.GWTMail' is reachable as a subtype of type 'class com.openkm.frontend.client.bean.GWTMail'
      'com.openkm.frontend.client.bean.GWTMail' is reachable from type argument 0 of type 'java.util.LinkedList<E>'
      'java.util.LinkedList<com.openkm.frontend.client.bean.GWTMail>' is reachable as a subtype of type 'interface java.util.List<com.openkm.frontend.client.bean.GWTMail>'
      Started from 'java.util.List<com.openkm.frontend.client.bean.GWTMail>'

com.openkm.frontend.client.bean.GWTFolder
   Serialization status
      Instantiable
   Path
      'com.openkm.frontend.client.bean.GWTFolder' is reachable from type argument 0 of type 'java.util.TreeSet<E>'
      'java.util.TreeSet<com.openkm.frontend.client.bean.GWTFolder>' is reachable as a subtype of type 'interface java.util.Set<com.openkm.frontend.client.bean.GWTFolder>'
      'java.util.Set<com.openkm.frontend.client.bean.GWTFolder>' is reachable from field 'categories' of type 'com.openkm.frontend.client.bean.GWTDocument'
      'com.openkm.frontend.client.bean.GWTDocument' is reachable as a subtype of type 'class com.openkm.frontend.client.bean.GWTDocument'
      'com.openkm.frontend.client.bean.GWTDocument' is reachable from type argument 0 of type 'java.util.ArrayList<E>'
      'java.util.ArrayList<com.openkm.frontend.client.bean.GWTDocument>' is reachable as a subtype of type 'interface java.util.Collection<com.openkm.frontend.client.bean.GWTDocument>'
      'java.util.Collection<com.openkm.frontend.client.bean.GWTDocument>' is reachable from field 'attachments' of type 'com.openkm.frontend.client.bean.GWTMail'
      'com.openkm.frontend.client.bean.GWTMail' is reachable as a subtype of type 'class com.openkm.frontend.client.bean.GWTMail'
      'com.openkm.frontend.client.bean.GWTMail' is reachable from type argument 0 of type 'java.util.LinkedList<E>'
      'java.util.LinkedList<com.openkm.frontend.client.bean.GWTMail>' is reachable as a subtype of type 'interface java.util.List<com.openkm.frontend.client.bean.GWTMail>'
      Started from 'java.util.List<com.openkm.frontend.client.bean.GWTMail>'

com.openkm.frontend.client.bean.GWTLock
   Serialization status
      Instantiable
   Path
      'com.openkm.frontend.client.bean.GWTLock' is reachable from field 'lockInfo' of type 'com.openkm.frontend.client.bean.GWTDocument'
      'com.openkm.frontend.client.bean.GWTDocument' is reachable as a subtype of type 'class com.openkm.frontend.client.bean.GWTDocument'
      'com.openkm.frontend.client.bean.GWTDocument' is reachable from type argument 0 of type 'java.util.ArrayList<E>'
      'java.util.ArrayList<com.openkm.frontend.client.bean.GWTDocument>' is reachable as a subtype of type 'interface java.util.Collection<com.openkm.frontend.client.bean.GWTDocument>'
      'java.util.Collection<com.openkm.frontend.client.bean.GWTDocument>' is reachable from field 'attachments' of type 'com.openkm.frontend.client.bean.GWTMail'
      'com.openkm.frontend.client.bean.GWTMail' is reachable as a subtype of type 'class com.openkm.frontend.client.bean.GWTMail'
      'com.openkm.frontend.client.bean.GWTMail' is reachable from type argument 0 of type 'java.util.LinkedList<E>'
      'java.util.LinkedList<com.openkm.frontend.client.bean.GWTMail>' is reachable as a subtype of type 'interface java.util.List<com.openkm.frontend.client.bean.GWTMail>'
      Started from 'java.util.List<com.openkm.frontend.client.bean.GWTMail>'

com.openkm.frontend.client.bean.GWTMail
   Serialization status
      Instantiable
   Path
      'com.openkm.frontend.client.bean.GWTMail' is reachable from type argument 0 of type 'java.util.LinkedList<E>'
      'java.util.LinkedList<com.openkm.frontend.client.bean.GWTMail>' is reachable as a subtype of type 'interface java.util.List<com.openkm.frontend.client.bean.GWTMail>'
      Started from 'java.util.List<com.openkm.frontend.client.bean.GWTMail>'

com.openkm.frontend.client.bean.GWTMail[]
   Serialization status
      Instantiable
   Path
      'com.openkm.frontend.client.bean.GWTMail' is reachable from type argument 0 of type 'java.util.Arrays.ArrayList<E>'
      'java.util.Arrays.ArrayList<com.openkm.frontend.client.bean.GWTMail>' is reachable as a subtype of type 'interface java.util.List<com.openkm.frontend.client.bean.GWTMail>'
      Started from 'java.util.List<com.openkm.frontend.client.bean.GWTMail>'

com.openkm.frontend.client.bean.GWTNote
   Serialization status
      Instantiable
   Path
      'com.openkm.frontend.client.bean.GWTNote' is reachable from type argument 0 of type 'java.util.LinkedList<E>'
      'java.util.LinkedList<com.openkm.frontend.client.bean.GWTNote>' is reachable as a subtype of type 'interface java.util.List<com.openkm.frontend.client.bean.GWTNote>'
      'java.util.List<com.openkm.frontend.client.bean.GWTNote>' is reachable from field 'notes' of type 'com.openkm.frontend.client.bean.GWTDocument'
      'com.openkm.frontend.client.bean.GWTDocument' is reachable as a subtype of type 'class com.openkm.frontend.client.bean.GWTDocument'
      'com.openkm.frontend.client.bean.GWTDocument' is reachable from type argument 0 of type 'java.util.ArrayList<E>'
      'java.util.ArrayList<com.openkm.frontend.client.bean.GWTDocument>' is reachable as a subtype of type 'interface java.util.Collection<com.openkm.frontend.client.bean.GWTDocument>'
      'java.util.Collection<com.openkm.frontend.client.bean.GWTDocument>' is reachable from field 'attachments' of type 'com.openkm.frontend.client.bean.GWTMail'
      'com.openkm.frontend.client.bean.GWTMail' is reachable as a subtype of type 'class com.openkm.frontend.client.bean.GWTMail'
      'com.openkm.frontend.client.bean.GWTMail' is reachable from type argument 0 of type 'java.util.LinkedList<E>'
      'java.util.LinkedList<com.openkm.frontend.client.bean.GWTMail>' is reachable as a subtype of type 'interface java.util.List<com.openkm.frontend.client.bean.GWTMail>'
      Started from 'java.util.List<com.openkm.frontend.client.bean.GWTMail>'

com.openkm.frontend.client.bean.GWTNote[]
   Serialization status
      Instantiable
   Path
      'com.openkm.frontend.client.bean.GWTNote' is reachable from type argument 0 of type 'java.util.Arrays.ArrayList<E>'
      'java.util.Arrays.ArrayList<com.openkm.frontend.client.bean.GWTNote>' is reachable as a subtype of type 'interface java.util.List<com.openkm.frontend.client.bean.GWTNote>'
      'java.util.List<com.openkm.frontend.client.bean.GWTNote>' is reachable from field 'notes' of type 'com.openkm.frontend.client.bean.GWTDocument'
      'com.openkm.frontend.client.bean.GWTDocument' is reachable as a subtype of type 'class com.openkm.frontend.client.bean.GWTDocument'
      'com.openkm.frontend.client.bean.GWTDocument' is reachable from type argument 0 of type 'java.util.ArrayList<E>'
      'java.util.ArrayList<com.openkm.frontend.client.bean.GWTDocument>' is reachable as a subtype of type 'interface java.util.Collection<com.openkm.frontend.client.bean.GWTDocument>'
      'java.util.Collection<com.openkm.frontend.client.bean.GWTDocument>' is reachable from field 'attachments' of type 'com.openkm.frontend.client.bean.GWTMail'
      'com.openkm.frontend.client.bean.GWTMail' is reachable as a subtype of type 'class com.openkm.frontend.client.bean.GWTMail'
      'com.openkm.frontend.client.bean.GWTMail' is reachable from type argument 0 of type 'java.util.LinkedList<E>'
      'java.util.LinkedList<com.openkm.frontend.client.bean.GWTMail>' is reachable as a subtype of type 'interface java.util.List<com.openkm.frontend.client.bean.GWTMail>'
      Started from 'java.util.List<com.openkm.frontend.client.bean.GWTMail>'

com.openkm.frontend.client.bean.GWTVersion
   Serialization status
      Instantiable
   Path
      'com.openkm.frontend.client.bean.GWTVersion' is reachable from field 'actualVersion' of type 'com.openkm.frontend.client.bean.GWTDocument'
      'com.openkm.frontend.client.bean.GWTDocument' is reachable as a subtype of type 'class com.openkm.frontend.client.bean.GWTDocument'
      'com.openkm.frontend.client.bean.GWTDocument' is reachable from type argument 0 of type 'java.util.ArrayList<E>'
      'java.util.ArrayList<com.openkm.frontend.client.bean.GWTDocument>' is reachable as a subtype of type 'interface java.util.Collection<com.openkm.frontend.client.bean.GWTDocument>'
      'java.util.Collection<com.openkm.frontend.client.bean.GWTDocument>' is reachable from field 'attachments' of type 'com.openkm.frontend.client.bean.GWTMail'
      'com.openkm.frontend.client.bean.GWTMail' is reachable as a subtype of type 'class com.openkm.frontend.client.bean.GWTMail'
      'com.openkm.frontend.client.bean.GWTMail' is reachable from type argument 0 of type 'java.util.LinkedList<E>'
      'java.util.LinkedList<com.openkm.frontend.client.bean.GWTMail>' is reachable as a subtype of type 'interface java.util.List<com.openkm.frontend.client.bean.GWTMail>'
      Started from 'java.util.List<com.openkm.frontend.client.bean.GWTMail>'

int
   Serialization status
      Not serializable
   Path
      'int' is reachable from field 'era' of type 'com.google.gwt.i18n.client.impl.DateRecord'
      'com.google.gwt.i18n.client.impl.DateRecord' is reachable as a subtype of type 'class java.util.Date'
      'java.util.Date' is reachable from field 'sentDate' of type 'com.openkm.frontend.client.bean.GWTMail'
      'com.openkm.frontend.client.bean.GWTMail' is reachable as a subtype of type 'class com.openkm.frontend.client.bean.GWTMail'
      'com.openkm.frontend.client.bean.GWTMail' is reachable from type argument 0 of type 'java.util.LinkedList<E>'
      'java.util.LinkedList<com.openkm.frontend.client.bean.GWTMail>' is reachable as a subtype of type 'interface java.util.List<com.openkm.frontend.client.bean.GWTMail>'
      Started from 'java.util.List<com.openkm.frontend.client.bean.GWTMail>'

java.lang.Boolean
   Serialization status
      Instantiable
   Path
      'java.lang.Boolean' is reachable from type argument 1 of type 'java.util.TreeMap<K, V>'
      'java.util.TreeMap<E, java.lang.Boolean>' is reachable as a subtype of type 'interface java.util.SortedMap<E, java.lang.Boolean>'
      'java.util.SortedMap<E, java.lang.Boolean>' is reachable from field 'map' of type 'java.util.TreeSet<E>'
      'java.util.TreeSet<java.lang.String>' is reachable as a subtype of type 'interface java.util.Set<java.lang.String>'
      'java.util.Set<java.lang.String>' is reachable from field 'subscriptors' of type 'com.openkm.frontend.client.bean.GWTDocument'
      'com.openkm.frontend.client.bean.GWTDocument' is reachable as a subtype of type 'class com.openkm.frontend.client.bean.GWTDocument'
      'com.openkm.frontend.client.bean.GWTDocument' is reachable from type argument 0 of type 'java.util.ArrayList<E>'
      'java.util.ArrayList<com.openkm.frontend.client.bean.GWTDocument>' is reachable as a subtype of type 'interface java.util.Collection<com.openkm.frontend.client.bean.GWTDocument>'
      'java.util.Collection<com.openkm.frontend.client.bean.GWTDocument>' is reachable from field 'attachments' of type 'com.openkm.frontend.client.bean.GWTMail'
      'com.openkm.frontend.client.bean.GWTMail' is reachable as a subtype of type 'class com.openkm.frontend.client.bean.GWTMail'
      'com.openkm.frontend.client.bean.GWTMail' is reachable from type argument 0 of type 'java.util.LinkedList<E>'
      'java.util.LinkedList<com.openkm.frontend.client.bean.GWTMail>' is reachable as a subtype of type 'interface java.util.List<com.openkm.frontend.client.bean.GWTMail>'
      Started from 'java.util.List<com.openkm.frontend.client.bean.GWTMail>'

java.lang.Exception
   Serialization status
      Field serializable
   Path
      'java.lang.Exception' is reachable as a supertype of type 'class java.lang.RuntimeException'
      'java.lang.RuntimeException' is reachable as a supertype of type 'class com.google.gwt.user.client.rpc.IncompatibleRemoteServiceException'
      'com.google.gwt.user.client.rpc.IncompatibleRemoteServiceException' is reachable as a subtype of type 'class com.google.gwt.user.client.rpc.IncompatibleRemoteServiceException'
      Started from 'com.google.gwt.user.client.rpc.IncompatibleRemoteServiceException'

java.lang.RuntimeException
   Serialization status
      Field serializable
   Path
      'java.lang.RuntimeException' is reachable as a supertype of type 'class com.google.gwt.user.client.rpc.IncompatibleRemoteServiceException'
      'com.google.gwt.user.client.rpc.IncompatibleRemoteServiceException' is reachable as a subtype of type 'class com.google.gwt.user.client.rpc.IncompatibleRemoteServiceException'
      Started from 'com.google.gwt.user.client.rpc.IncompatibleRemoteServiceException'

java.lang.String
   Serialization status
      Instantiable
   Path
      Started from 'java.lang.String'

java.lang.String[]
   Serialization status
      Instantiable
   Path
      'java.lang.String[]' is reachable from field 'reply' of type 'com.openkm.frontend.client.bean.GWTMail'
      'com.openkm.frontend.client.bean.GWTMail' is reachable as a subtype of type 'class com.openkm.frontend.client.bean.GWTMail'
      'com.openkm.frontend.client.bean.GWTMail' is reachable from type argument 0 of type 'java.util.LinkedList<E>'
      'java.util.LinkedList<com.openkm.frontend.client.bean.GWTMail>' is reachable as a subtype of type 'interface java.util.List<com.openkm.frontend.client.bean.GWTMail>'
      Started from 'java.util.List<com.openkm.frontend.client.bean.GWTMail>'

java.lang.Throwable
   Serialization status
      Field serializable
   Path
      'java.lang.Throwable' is reachable as a supertype of type 'class java.lang.Exception'
      'java.lang.Exception' is reachable as a supertype of type 'class java.lang.RuntimeException'
      'java.lang.RuntimeException' is reachable as a supertype of type 'class com.google.gwt.user.client.rpc.IncompatibleRemoteServiceException'
      'com.google.gwt.user.client.rpc.IncompatibleRemoteServiceException' is reachable as a subtype of type 'class com.google.gwt.user.client.rpc.IncompatibleRemoteServiceException'
      Started from 'com.google.gwt.user.client.rpc.IncompatibleRemoteServiceException'

java.sql.Date
   Serialization status
      Instantiable
   Path
      'java.sql.Date' is reachable as a subtype of type 'class java.util.Date'
      'java.util.Date' is reachable from field 'sentDate' of type 'com.openkm.frontend.client.bean.GWTMail'
      'com.openkm.frontend.client.bean.GWTMail' is reachable as a subtype of type 'class com.openkm.frontend.client.bean.GWTMail'
      'com.openkm.frontend.client.bean.GWTMail' is reachable from type argument 0 of type 'java.util.LinkedList<E>'
      'java.util.LinkedList<com.openkm.frontend.client.bean.GWTMail>' is reachable as a subtype of type 'interface java.util.List<com.openkm.frontend.client.bean.GWTMail>'
      Started from 'java.util.List<com.openkm.frontend.client.bean.GWTMail>'

java.sql.Time
   Serialization status
      Instantiable
   Path
      'java.sql.Time' is reachable as a subtype of type 'class java.util.Date'
      'java.util.Date' is reachable from field 'sentDate' of type 'com.openkm.frontend.client.bean.GWTMail'
      'com.openkm.frontend.client.bean.GWTMail' is reachable as a subtype of type 'class com.openkm.frontend.client.bean.GWTMail'
      'com.openkm.frontend.client.bean.GWTMail' is reachable from type argument 0 of type 'java.util.LinkedList<E>'
      'java.util.LinkedList<com.openkm.frontend.client.bean.GWTMail>' is reachable as a subtype of type 'interface java.util.List<com.openkm.frontend.client.bean.GWTMail>'
      Started from 'java.util.List<com.openkm.frontend.client.bean.GWTMail>'

java.sql.Timestamp
   Serialization status
      Instantiable
   Path
      'java.sql.Timestamp' is reachable as a subtype of type 'class java.util.Date'
      'java.util.Date' is reachable from field 'sentDate' of type 'com.openkm.frontend.client.bean.GWTMail'
      'com.openkm.frontend.client.bean.GWTMail' is reachable as a subtype of type 'class com.openkm.frontend.client.bean.GWTMail'
      'com.openkm.frontend.client.bean.GWTMail' is reachable from type argument 0 of type 'java.util.LinkedList<E>'
      'java.util.LinkedList<com.openkm.frontend.client.bean.GWTMail>' is reachable as a subtype of type 'interface java.util.List<com.openkm.frontend.client.bean.GWTMail>'
      Started from 'java.util.List<com.openkm.frontend.client.bean.GWTMail>'

java.util.ArrayList<com.openkm.frontend.client.bean.GWTNote>
   Serialization status
      Instantiable
   Path
      'java.util.ArrayList<com.openkm.frontend.client.bean.GWTNote>' is reachable as a subtype of type 'interface java.util.List<com.openkm.frontend.client.bean.GWTNote>'
      'java.util.List<com.openkm.frontend.client.bean.GWTNote>' is reachable from field 'notes' of type 'com.openkm.frontend.client.bean.GWTDocument'
      'com.openkm.frontend.client.bean.GWTDocument' is reachable as a subtype of type 'class com.openkm.frontend.client.bean.GWTDocument'
      'com.openkm.frontend.client.bean.GWTDocument' is reachable from type argument 0 of type 'java.util.ArrayList<E>'
      'java.util.ArrayList<com.openkm.frontend.client.bean.GWTDocument>' is reachable as a subtype of type 'interface java.util.Collection<com.openkm.frontend.client.bean.GWTDocument>'
      'java.util.Collection<com.openkm.frontend.client.bean.GWTDocument>' is reachable from field 'attachments' of type 'com.openkm.frontend.client.bean.GWTMail'
      'com.openkm.frontend.client.bean.GWTMail' is reachable as a subtype of type 'class com.openkm.frontend.client.bean.GWTMail'
      'com.openkm.frontend.client.bean.GWTMail' is reachable from type argument 0 of type 'java.util.LinkedList<E>'
      'java.util.LinkedList<com.openkm.frontend.client.bean.GWTMail>' is reachable as a subtype of type 'interface java.util.List<com.openkm.frontend.client.bean.GWTMail>'
      Started from 'java.util.List<com.openkm.frontend.client.bean.GWTMail>'

java.util.ArrayList<com.openkm.frontend.client.bean.GWTMail>
   Serialization status
      Instantiable
   Path
      'java.util.ArrayList<com.openkm.frontend.client.bean.GWTMail>' is reachable as a subtype of type 'interface java.util.List<com.openkm.frontend.client.bean.GWTMail>'
      Started from 'java.util.List<com.openkm.frontend.client.bean.GWTMail>'

java.util.ArrayList<com.openkm.frontend.client.bean.GWTDocument>
   Serialization status
      Instantiable
   Path
      'java.util.ArrayList<com.openkm.frontend.client.bean.GWTDocument>' is reachable as a subtype of type 'interface java.util.Collection<com.openkm.frontend.client.bean.GWTDocument>'
      'java.util.Collection<com.openkm.frontend.client.bean.GWTDocument>' is reachable from field 'attachments' of type 'com.openkm.frontend.client.bean.GWTMail'
      'com.openkm.frontend.client.bean.GWTMail' is reachable as a subtype of type 'class com.openkm.frontend.client.bean.GWTMail'
      'com.openkm.frontend.client.bean.GWTMail' is reachable from type argument 0 of type 'java.util.LinkedList<E>'
      'java.util.LinkedList<com.openkm.frontend.client.bean.GWTMail>' is reachable as a subtype of type 'interface java.util.List<com.openkm.frontend.client.bean.GWTMail>'
      Started from 'java.util.List<com.openkm.frontend.client.bean.GWTMail>'

java.util.Arrays.ArrayList<com.openkm.frontend.client.bean.GWTNote>
   Serialization status
      Instantiable
   Path
      'java.util.Arrays.ArrayList<com.openkm.frontend.client.bean.GWTNote>' is reachable as a subtype of type 'interface java.util.List<com.openkm.frontend.client.bean.GWTNote>'
      'java.util.List<com.openkm.frontend.client.bean.GWTNote>' is reachable from field 'notes' of type 'com.openkm.frontend.client.bean.GWTDocument'
      'com.openkm.frontend.client.bean.GWTDocument' is reachable as a subtype of type 'class com.openkm.frontend.client.bean.GWTDocument'
      'com.openkm.frontend.client.bean.GWTDocument' is reachable from type argument 0 of type 'java.util.ArrayList<E>'
      'java.util.ArrayList<com.openkm.frontend.client.bean.GWTDocument>' is reachable as a subtype of type 'interface java.util.Collection<com.openkm.frontend.client.bean.GWTDocument>'
      'java.util.Collection<com.openkm.frontend.client.bean.GWTDocument>' is reachable from field 'attachments' of type 'com.openkm.frontend.client.bean.GWTMail'
      'com.openkm.frontend.client.bean.GWTMail' is reachable as a subtype of type 'class com.openkm.frontend.client.bean.GWTMail'
      'com.openkm.frontend.client.bean.GWTMail' is reachable from type argument 0 of type 'java.util.LinkedList<E>'
      'java.util.LinkedList<com.openkm.frontend.client.bean.GWTMail>' is reachable as a subtype of type 'interface java.util.List<com.openkm.frontend.client.bean.GWTMail>'
      Started from 'java.util.List<com.openkm.frontend.client.bean.GWTMail>'

java.util.Arrays.ArrayList<com.openkm.frontend.client.bean.GWTMail>
   Serialization status
      Instantiable
   Path
      'java.util.Arrays.ArrayList<com.openkm.frontend.client.bean.GWTMail>' is reachable as a subtype of type 'interface java.util.List<com.openkm.frontend.client.bean.GWTMail>'
      Started from 'java.util.List<com.openkm.frontend.client.bean.GWTMail>'

java.util.Arrays.ArrayList<com.openkm.frontend.client.bean.GWTDocument>
   Serialization status
      Instantiable
   Path
      'java.util.Arrays.ArrayList<com.openkm.frontend.client.bean.GWTDocument>' is reachable as a subtype of type 'interface java.util.Collection<com.openkm.frontend.client.bean.GWTDocument>'
      'java.util.Collection<com.openkm.frontend.client.bean.GWTDocument>' is reachable from field 'attachments' of type 'com.openkm.frontend.client.bean.GWTMail'
      'com.openkm.frontend.client.bean.GWTMail' is reachable as a subtype of type 'class com.openkm.frontend.client.bean.GWTMail'
      'com.openkm.frontend.client.bean.GWTMail' is reachable from type argument 0 of type 'java.util.LinkedList<E>'
      'java.util.LinkedList<com.openkm.frontend.client.bean.GWTMail>' is reachable as a subtype of type 'interface java.util.List<com.openkm.frontend.client.bean.GWTMail>'
      Started from 'java.util.List<com.openkm.frontend.client.bean.GWTMail>'

java.util.Collection<com.openkm.frontend.client.bean.GWTDocument>
   Serialization status
      Not serializable
   Path
      'java.util.Collection<com.openkm.frontend.client.bean.GWTDocument>' is reachable from field 'attachments' of type 'com.openkm.frontend.client.bean.GWTMail'
      'com.openkm.frontend.client.bean.GWTMail' is reachable as a subtype of type 'class com.openkm.frontend.client.bean.GWTMail'
      'com.openkm.frontend.client.bean.GWTMail' is reachable from type argument 0 of type 'java.util.LinkedList<E>'
      'java.util.LinkedList<com.openkm.frontend.client.bean.GWTMail>' is reachable as a subtype of type 'interface java.util.List<com.openkm.frontend.client.bean.GWTMail>'
      Started from 'java.util.List<com.openkm.frontend.client.bean.GWTMail>'

java.util.Collections.EmptyList
   Serialization status
      Instantiable
   Path
      'java.util.Collections.EmptyList' is reachable as a subtype of type 'interface java.util.List<com.openkm.frontend.client.bean.GWTNote>'
      'java.util.List<com.openkm.frontend.client.bean.GWTNote>' is reachable from field 'notes' of type 'com.openkm.frontend.client.bean.GWTDocument'
      'com.openkm.frontend.client.bean.GWTDocument' is reachable as a subtype of type 'class com.openkm.frontend.client.bean.GWTDocument'
      'com.openkm.frontend.client.bean.GWTDocument' is reachable from type argument 0 of type 'java.util.ArrayList<E>'
      'java.util.ArrayList<com.openkm.frontend.client.bean.GWTDocument>' is reachable as a subtype of type 'interface java.util.Collection<com.openkm.frontend.client.bean.GWTDocument>'
      'java.util.Collection<com.openkm.frontend.client.bean.GWTDocument>' is reachable from field 'attachments' of type 'com.openkm.frontend.client.bean.GWTMail'
      'com.openkm.frontend.client.bean.GWTMail' is reachable as a subtype of type 'class com.openkm.frontend.client.bean.GWTMail'
      'com.openkm.frontend.client.bean.GWTMail' is reachable from type argument 0 of type 'java.util.LinkedList<E>'
      'java.util.LinkedList<com.openkm.frontend.client.bean.GWTMail>' is reachable as a subtype of type 'interface java.util.List<com.openkm.frontend.client.bean.GWTMail>'
      Started from 'java.util.List<com.openkm.frontend.client.bean.GWTMail>'

java.util.Collections.EmptySet
   Serialization status
      Instantiable
   Path
      'java.util.Collections.EmptySet' is reachable as a subtype of type 'interface java.util.Set<java.lang.String>'
      'java.util.Set<java.lang.String>' is reachable from field 'subscriptors' of type 'com.openkm.frontend.client.bean.GWTDocument'
      'com.openkm.frontend.client.bean.GWTDocument' is reachable as a subtype of type 'class com.openkm.frontend.client.bean.GWTDocument'
      'com.openkm.frontend.client.bean.GWTDocument' is reachable from type argument 0 of type 'java.util.ArrayList<E>'
      'java.util.ArrayList<com.openkm.frontend.client.bean.GWTDocument>' is reachable as a subtype of type 'interface java.util.Collection<com.openkm.frontend.client.bean.GWTDocument>'
      'java.util.Collection<com.openkm.frontend.client.bean.GWTDocument>' is reachable from field 'attachments' of type 'com.openkm.frontend.client.bean.GWTMail'
      'com.openkm.frontend.client.bean.GWTMail' is reachable as a subtype of type 'class com.openkm.frontend.client.bean.GWTMail'
      'com.openkm.frontend.client.bean.GWTMail' is reachable from type argument 0 of type 'java.util.LinkedList<E>'
      'java.util.LinkedList<com.openkm.frontend.client.bean.GWTMail>' is reachable as a subtype of type 'interface java.util.List<com.openkm.frontend.client.bean.GWTMail>'
      Started from 'java.util.List<com.openkm.frontend.client.bean.GWTMail>'

java.util.Collections.SingletonList<com.openkm.frontend.client.bean.GWTMail>
   Serialization status
      Instantiable
   Path
      'java.util.Collections.SingletonList<com.openkm.frontend.client.bean.GWTMail>' is reachable as a subtype of type 'interface java.util.List<com.openkm.frontend.client.bean.GWTMail>'
      Started from 'java.util.List<com.openkm.frontend.client.bean.GWTMail>'

java.util.Collections.SingletonList<com.openkm.frontend.client.bean.GWTNote>
   Serialization status
      Instantiable
   Path
      'java.util.Collections.SingletonList<com.openkm.frontend.client.bean.GWTNote>' is reachable as a subtype of type 'interface java.util.List<com.openkm.frontend.client.bean.GWTNote>'
      'java.util.List<com.openkm.frontend.client.bean.GWTNote>' is reachable from field 'notes' of type 'com.openkm.frontend.client.bean.GWTDocument'
      'com.openkm.frontend.client.bean.GWTDocument' is reachable as a subtype of type 'class com.openkm.frontend.client.bean.GWTDocument'
      'com.openkm.frontend.client.bean.GWTDocument' is reachable from type argument 0 of type 'java.util.ArrayList<E>'
      'java.util.ArrayList<com.openkm.frontend.client.bean.GWTDocument>' is reachable as a subtype of type 'interface java.util.Collection<com.openkm.frontend.client.bean.GWTDocument>'
      'java.util.Collection<com.openkm.frontend.client.bean.GWTDocument>' is reachable from field 'attachments' of type 'com.openkm.frontend.client.bean.GWTMail'
      'com.openkm.frontend.client.bean.GWTMail' is reachable as a subtype of type 'class com.openkm.frontend.client.bean.GWTMail'
      'com.openkm.frontend.client.bean.GWTMail' is reachable from type argument 0 of type 'java.util.LinkedList<E>'
      'java.util.LinkedList<com.openkm.frontend.client.bean.GWTMail>' is reachable as a subtype of type 'interface java.util.List<com.openkm.frontend.client.bean.GWTMail>'
      Started from 'java.util.List<com.openkm.frontend.client.bean.GWTMail>'

java.util.Collections.SingletonList<com.openkm.frontend.client.bean.GWTDocument>
   Serialization status
      Instantiable
   Path
      'java.util.Collections.SingletonList<com.openkm.frontend.client.bean.GWTDocument>' is reachable as a subtype of type 'interface java.util.Collection<com.openkm.frontend.client.bean.GWTDocument>'
      'java.util.Collection<com.openkm.frontend.client.bean.GWTDocument>' is reachable from field 'attachments' of type 'com.openkm.frontend.client.bean.GWTMail'
      'com.openkm.frontend.client.bean.GWTMail' is reachable as a subtype of type 'class com.openkm.frontend.client.bean.GWTMail'
      'com.openkm.frontend.client.bean.GWTMail' is reachable from type argument 0 of type 'java.util.LinkedList<E>'
      'java.util.LinkedList<com.openkm.frontend.client.bean.GWTMail>' is reachable as a subtype of type 'interface java.util.List<com.openkm.frontend.client.bean.GWTMail>'
      Started from 'java.util.List<com.openkm.frontend.client.bean.GWTMail>'

java.util.Comparator<? super K>
   Serialization status
      Not serializable
   Path
      'java.util.Comparator<? super K>' is reachable from field 'cmp' of type 'java.util.TreeMap<K, V>'
      'java.util.TreeMap<E, java.lang.Boolean>' is reachable as a subtype of type 'interface java.util.SortedMap<E, java.lang.Boolean>'
      'java.util.SortedMap<E, java.lang.Boolean>' is reachable from field 'map' of type 'java.util.TreeSet<E>'
      'java.util.TreeSet<java.lang.String>' is reachable as a subtype of type 'interface java.util.Set<java.lang.String>'
      'java.util.Set<java.lang.String>' is reachable from field 'subscriptors' of type 'com.openkm.frontend.client.bean.GWTDocument'
      'com.openkm.frontend.client.bean.GWTDocument' is reachable as a subtype of type 'class com.openkm.frontend.client.bean.GWTDocument'
      'com.openkm.frontend.client.bean.GWTDocument' is reachable from type argument 0 of type 'java.util.ArrayList<E>'
      'java.util.ArrayList<com.openkm.frontend.client.bean.GWTDocument>' is reachable as a subtype of type 'interface java.util.Collection<com.openkm.frontend.client.bean.GWTDocument>'
      'java.util.Collection<com.openkm.frontend.client.bean.GWTDocument>' is reachable from field 'attachments' of type 'com.openkm.frontend.client.bean.GWTMail'
      'com.openkm.frontend.client.bean.GWTMail' is reachable as a subtype of type 'class com.openkm.frontend.client.bean.GWTMail'
      'com.openkm.frontend.client.bean.GWTMail' is reachable from type argument 0 of type 'java.util.LinkedList<E>'
      'java.util.LinkedList<com.openkm.frontend.client.bean.GWTMail>' is reachable as a subtype of type 'interface java.util.List<com.openkm.frontend.client.bean.GWTMail>'
      Started from 'java.util.List<com.openkm.frontend.client.bean.GWTMail>'

java.util.Date
   Serialization status
      Instantiable
   Path
      'java.util.Date' is reachable from field 'sentDate' of type 'com.openkm.frontend.client.bean.GWTMail'
      'com.openkm.frontend.client.bean.GWTMail' is reachable as a subtype of type 'class com.openkm.frontend.client.bean.GWTMail'
      'com.openkm.frontend.client.bean.GWTMail' is reachable from type argument 0 of type 'java.util.LinkedList<E>'
      'java.util.LinkedList<com.openkm.frontend.client.bean.GWTMail>' is reachable as a subtype of type 'interface java.util.List<com.openkm.frontend.client.bean.GWTMail>'
      Started from 'java.util.List<com.openkm.frontend.client.bean.GWTMail>'

java.util.HashSet<java.lang.String>
   Serialization status
      Instantiable
   Path
      'java.util.HashSet<java.lang.String>' is reachable as a subtype of type 'interface java.util.Set<java.lang.String>'
      'java.util.Set<java.lang.String>' is reachable from field 'subscriptors' of type 'com.openkm.frontend.client.bean.GWTDocument'
      'com.openkm.frontend.client.bean.GWTDocument' is reachable as a subtype of type 'class com.openkm.frontend.client.bean.GWTDocument'
      'com.openkm.frontend.client.bean.GWTDocument' is reachable from type argument 0 of type 'java.util.ArrayList<E>'
      'java.util.ArrayList<com.openkm.frontend.client.bean.GWTDocument>' is reachable as a subtype of type 'interface java.util.Collection<com.openkm.frontend.client.bean.GWTDocument>'
      'java.util.Collection<com.openkm.frontend.client.bean.GWTDocument>' is reachable from field 'attachments' of type 'com.openkm.frontend.client.bean.GWTMail'
      'com.openkm.frontend.client.bean.GWTMail' is reachable as a subtype of type 'class com.openkm.frontend.client.bean.GWTMail'
      'com.openkm.frontend.client.bean.GWTMail' is reachable from type argument 0 of type 'java.util.LinkedList<E>'
      'java.util.LinkedList<com.openkm.frontend.client.bean.GWTMail>' is reachable as a subtype of type 'interface java.util.List<com.openkm.frontend.client.bean.GWTMail>'
      Started from 'java.util.List<com.openkm.frontend.client.bean.GWTMail>'

java.util.HashSet<com.openkm.frontend.client.bean.GWTDocument>
   Serialization status
      Instantiable
   Path
      'java.util.HashSet<com.openkm.frontend.client.bean.GWTDocument>' is reachable as a supertype of type 'class java.util.LinkedHashSet<com.openkm.frontend.client.bean.GWTDocument>'
      'java.util.LinkedHashSet<com.openkm.frontend.client.bean.GWTDocument>' is reachable as a subtype of type 'interface java.util.Collection<com.openkm.frontend.client.bean.GWTDocument>'
      'java.util.Collection<com.openkm.frontend.client.bean.GWTDocument>' is reachable from field 'attachments' of type 'com.openkm.frontend.client.bean.GWTMail'
      'com.openkm.frontend.client.bean.GWTMail' is reachable as a subtype of type 'class com.openkm.frontend.client.bean.GWTMail'
      'com.openkm.frontend.client.bean.GWTMail' is reachable from type argument 0 of type 'java.util.LinkedList<E>'
      'java.util.LinkedList<com.openkm.frontend.client.bean.GWTMail>' is reachable as a subtype of type 'interface java.util.List<com.openkm.frontend.client.bean.GWTMail>'
      Started from 'java.util.List<com.openkm.frontend.client.bean.GWTMail>'

java.util.HashSet<com.openkm.frontend.client.bean.GWTFolder>
   Serialization status
      Instantiable
   Path
      'java.util.HashSet<com.openkm.frontend.client.bean.GWTFolder>' is reachable as a subtype of type 'interface java.util.Set<com.openkm.frontend.client.bean.GWTFolder>'
      'java.util.Set<com.openkm.frontend.client.bean.GWTFolder>' is reachable from field 'categories' of type 'com.openkm.frontend.client.bean.GWTDocument'
      'com.openkm.frontend.client.bean.GWTDocument' is reachable as a subtype of type 'class com.openkm.frontend.client.bean.GWTDocument'
      'com.openkm.frontend.client.bean.GWTDocument' is reachable from type argument 0 of type 'java.util.ArrayList<E>'
      'java.util.ArrayList<com.openkm.frontend.client.bean.GWTDocument>' is reachable as a subtype of type 'interface java.util.Collection<com.openkm.frontend.client.bean.GWTDocument>'
      'java.util.Collection<com.openkm.frontend.client.bean.GWTDocument>' is reachable from field 'attachments' of type 'com.openkm.frontend.client.bean.GWTMail'
      'com.openkm.frontend.client.bean.GWTMail' is reachable as a subtype of type 'class com.openkm.frontend.client.bean.GWTMail'
      'com.openkm.frontend.client.bean.GWTMail' is reachable from type argument 0 of type 'java.util.LinkedList<E>'
      'java.util.LinkedList<com.openkm.frontend.client.bean.GWTMail>' is reachable as a subtype of type 'interface java.util.List<com.openkm.frontend.client.bean.GWTMail>'
      Started from 'java.util.List<com.openkm.frontend.client.bean.GWTMail>'

java.util.LinkedHashSet<com.openkm.frontend.client.bean.GWTFolder>
   Serialization status
      Instantiable
   Path
      'java.util.LinkedHashSet<com.openkm.frontend.client.bean.GWTFolder>' is reachable as a subtype of type 'interface java.util.Set<com.openkm.frontend.client.bean.GWTFolder>'
      'java.util.Set<com.openkm.frontend.client.bean.GWTFolder>' is reachable from field 'categories' of type 'com.openkm.frontend.client.bean.GWTDocument'
      'com.openkm.frontend.client.bean.GWTDocument' is reachable as a subtype of type 'class com.openkm.frontend.client.bean.GWTDocument'
      'com.openkm.frontend.client.bean.GWTDocument' is reachable from type argument 0 of type 'java.util.ArrayList<E>'
      'java.util.ArrayList<com.openkm.frontend.client.bean.GWTDocument>' is reachable as a subtype of type 'interface java.util.Collection<com.openkm.frontend.client.bean.GWTDocument>'
      'java.util.Collection<com.openkm.frontend.client.bean.GWTDocument>' is reachable from field 'attachments' of type 'com.openkm.frontend.client.bean.GWTMail'
      'com.openkm.frontend.client.bean.GWTMail' is reachable as a subtype of type 'class com.openkm.frontend.client.bean.GWTMail'
      'com.openkm.frontend.client.bean.GWTMail' is reachable from type argument 0 of type 'java.util.LinkedList<E>'
      'java.util.LinkedList<com.openkm.frontend.client.bean.GWTMail>' is reachable as a subtype of type 'interface java.util.List<com.openkm.frontend.client.bean.GWTMail>'
      Started from 'java.util.List<com.openkm.frontend.client.bean.GWTMail>'

java.util.LinkedHashSet<com.openkm.frontend.client.bean.GWTDocument>
   Serialization status
      Instantiable
   Path
      'java.util.LinkedHashSet<com.openkm.frontend.client.bean.GWTDocument>' is reachable as a subtype of type 'interface java.util.Collection<com.openkm.frontend.client.bean.GWTDocument>'
      'java.util.Collection<com.openkm.frontend.client.bean.GWTDocument>' is reachable from field 'attachments' of type 'com.openkm.frontend.client.bean.GWTMail'
      'com.openkm.frontend.client.bean.GWTMail' is reachable as a subtype of type 'class com.openkm.frontend.client.bean.GWTMail'
      'com.openkm.frontend.client.bean.GWTMail' is reachable from type argument 0 of type 'java.util.LinkedList<E>'
      'java.util.LinkedList<com.openkm.frontend.client.bean.GWTMail>' is reachable as a subtype of type 'interface java.util.List<com.openkm.frontend.client.bean.GWTMail>'
      Started from 'java.util.List<com.openkm.frontend.client.bean.GWTMail>'

java.util.LinkedHashSet<java.lang.String>
   Serialization status
      Instantiable
   Path
      'java.util.LinkedHashSet<java.lang.String>' is reachable as a subtype of type 'interface java.util.Set<java.lang.String>'
      'java.util.Set<java.lang.String>' is reachable from field 'subscriptors' of type 'com.openkm.frontend.client.bean.GWTDocument'
      'com.openkm.frontend.client.bean.GWTDocument' is reachable as a subtype of type 'class com.openkm.frontend.client.bean.GWTDocument'
      'com.openkm.frontend.client.bean.GWTDocument' is reachable from type argument 0 of type 'java.util.ArrayList<E>'
      'java.util.ArrayList<com.openkm.frontend.client.bean.GWTDocument>' is reachable as a subtype of type 'interface java.util.Collection<com.openkm.frontend.client.bean.GWTDocument>'
      'java.util.Collection<com.openkm.frontend.client.bean.GWTDocument>' is reachable from field 'attachments' of type 'com.openkm.frontend.client.bean.GWTMail'
      'com.openkm.frontend.client.bean.GWTMail' is reachable as a subtype of type 'class com.openkm.frontend.client.bean.GWTMail'
      'com.openkm.frontend.client.bean.GWTMail' is reachable from type argument 0 of type 'java.util.LinkedList<E>'
      'java.util.LinkedList<com.openkm.frontend.client.bean.GWTMail>' is reachable as a subtype of type 'interface java.util.List<com.openkm.frontend.client.bean.GWTMail>'
      Started from 'java.util.List<com.openkm.frontend.client.bean.GWTMail>'

java.util.LinkedList<com.openkm.frontend.client.bean.GWTNote>
   Serialization status
      Instantiable
   Path
      'java.util.LinkedList<com.openkm.frontend.client.bean.GWTNote>' is reachable as a subtype of type 'interface java.util.List<com.openkm.frontend.client.bean.GWTNote>'
      'java.util.List<com.openkm.frontend.client.bean.GWTNote>' is reachable from field 'notes' of type 'com.openkm.frontend.client.bean.GWTDocument'
      'com.openkm.frontend.client.bean.GWTDocument' is reachable as a subtype of type 'class com.openkm.frontend.client.bean.GWTDocument'
      'com.openkm.frontend.client.bean.GWTDocument' is reachable from type argument 0 of type 'java.util.ArrayList<E>'
      'java.util.ArrayList<com.openkm.frontend.client.bean.GWTDocument>' is reachable as a subtype of type 'interface java.util.Collection<com.openkm.frontend.client.bean.GWTDocument>'
      'java.util.Collection<com.openkm.frontend.client.bean.GWTDocument>' is reachable from field 'attachments' of type 'com.openkm.frontend.client.bean.GWTMail'
      'com.openkm.frontend.client.bean.GWTMail' is reachable as a subtype of type 'class com.openkm.frontend.client.bean.GWTMail'
      'com.openkm.frontend.client.bean.GWTMail' is reachable from type argument 0 of type 'java.util.LinkedList<E>'
      'java.util.LinkedList<com.openkm.frontend.client.bean.GWTMail>' is reachable as a subtype of type 'interface java.util.List<com.openkm.frontend.client.bean.GWTMail>'
      Started from 'java.util.List<com.openkm.frontend.client.bean.GWTMail>'

java.util.LinkedList<com.openkm.frontend.client.bean.GWTMail>
   Serialization status
      Instantiable
   Path
      'java.util.LinkedList<com.openkm.frontend.client.bean.GWTMail>' is reachable as a subtype of type 'interface java.util.List<com.openkm.frontend.client.bean.GWTMail>'
      Started from 'java.util.List<com.openkm.frontend.client.bean.GWTMail>'

java.util.LinkedList<com.openkm.frontend.client.bean.GWTDocument>
   Serialization status
      Instantiable
   Path
      'java.util.LinkedList<com.openkm.frontend.client.bean.GWTDocument>' is reachable as a subtype of type 'interface java.util.Collection<com.openkm.frontend.client.bean.GWTDocument>'
      'java.util.Collection<com.openkm.frontend.client.bean.GWTDocument>' is reachable from field 'attachments' of type 'com.openkm.frontend.client.bean.GWTMail'
      'com.openkm.frontend.client.bean.GWTMail' is reachable as a subtype of type 'class com.openkm.frontend.client.bean.GWTMail'
      'com.openkm.frontend.client.bean.GWTMail' is reachable from type argument 0 of type 'java.util.LinkedList<E>'
      'java.util.LinkedList<com.openkm.frontend.client.bean.GWTMail>' is reachable as a subtype of type 'interface java.util.List<com.openkm.frontend.client.bean.GWTMail>'
      Started from 'java.util.List<com.openkm.frontend.client.bean.GWTMail>'

java.util.LinkedList.Node<E>
   Serialization status
      Not serializable
   Path
      'java.util.LinkedList.Node<E>' is reachable from field 'header' of type 'java.util.LinkedList<E>'
      'java.util.LinkedList<com.openkm.frontend.client.bean.GWTNote>' is reachable as a subtype of type 'interface java.util.List<com.openkm.frontend.client.bean.GWTNote>'
      'java.util.List<com.openkm.frontend.client.bean.GWTNote>' is reachable from field 'notes' of type 'com.openkm.frontend.client.bean.GWTDocument'
      'com.openkm.frontend.client.bean.GWTDocument' is reachable as a subtype of type 'class com.openkm.frontend.client.bean.GWTDocument'
      'com.openkm.frontend.client.bean.GWTDocument' is reachable from type argument 0 of type 'java.util.ArrayList<E>'
      'java.util.ArrayList<com.openkm.frontend.client.bean.GWTDocument>' is reachable as a subtype of type 'interface java.util.Collection<com.openkm.frontend.client.bean.GWTDocument>'
      'java.util.Collection<com.openkm.frontend.client.bean.GWTDocument>' is reachable from field 'attachments' of type 'com.openkm.frontend.client.bean.GWTMail'
      'com.openkm.frontend.client.bean.GWTMail' is reachable as a subtype of type 'class com.openkm.frontend.client.bean.GWTMail'
      'com.openkm.frontend.client.bean.GWTMail' is reachable from type argument 0 of type 'java.util.LinkedList<E>'
      'java.util.LinkedList<com.openkm.frontend.client.bean.GWTMail>' is reachable as a subtype of type 'interface java.util.List<com.openkm.frontend.client.bean.GWTMail>'
      Started from 'java.util.List<com.openkm.frontend.client.bean.GWTMail>'

java.util.List<com.openkm.frontend.client.bean.GWTNote>
   Serialization status
      Not serializable
   Path
      'java.util.List<com.openkm.frontend.client.bean.GWTNote>' is reachable from field 'notes' of type 'com.openkm.frontend.client.bean.GWTDocument'
      'com.openkm.frontend.client.bean.GWTDocument' is reachable as a subtype of type 'class com.openkm.frontend.client.bean.GWTDocument'
      'com.openkm.frontend.client.bean.GWTDocument' is reachable from type argument 0 of type 'java.util.ArrayList<E>'
      'java.util.ArrayList<com.openkm.frontend.client.bean.GWTDocument>' is reachable as a subtype of type 'interface java.util.Collection<com.openkm.frontend.client.bean.GWTDocument>'
      'java.util.Collection<com.openkm.frontend.client.bean.GWTDocument>' is reachable from field 'attachments' of type 'com.openkm.frontend.client.bean.GWTMail'
      'com.openkm.frontend.client.bean.GWTMail' is reachable as a subtype of type 'class com.openkm.frontend.client.bean.GWTMail'
      'com.openkm.frontend.client.bean.GWTMail' is reachable from type argument 0 of type 'java.util.LinkedList<E>'
      'java.util.LinkedList<com.openkm.frontend.client.bean.GWTMail>' is reachable as a subtype of type 'interface java.util.List<com.openkm.frontend.client.bean.GWTMail>'
      Started from 'java.util.List<com.openkm.frontend.client.bean.GWTMail>'

java.util.List<com.openkm.frontend.client.bean.GWTMail>
   Serialization status
      Not serializable
   Path
      Started from 'java.util.List<com.openkm.frontend.client.bean.GWTMail>'

java.util.Set<com.openkm.frontend.client.bean.GWTFolder>
   Serialization status
      Not serializable
   Path
      'java.util.Set<com.openkm.frontend.client.bean.GWTFolder>' is reachable from field 'categories' of type 'com.openkm.frontend.client.bean.GWTDocument'
      'com.openkm.frontend.client.bean.GWTDocument' is reachable as a subtype of type 'class com.openkm.frontend.client.bean.GWTDocument'
      'com.openkm.frontend.client.bean.GWTDocument' is reachable from type argument 0 of type 'java.util.ArrayList<E>'
      'java.util.ArrayList<com.openkm.frontend.client.bean.GWTDocument>' is reachable as a subtype of type 'interface java.util.Collection<com.openkm.frontend.client.bean.GWTDocument>'
      'java.util.Collection<com.openkm.frontend.client.bean.GWTDocument>' is reachable from field 'attachments' of type 'com.openkm.frontend.client.bean.GWTMail'
      'com.openkm.frontend.client.bean.GWTMail' is reachable as a subtype of type 'class com.openkm.frontend.client.bean.GWTMail'
      'com.openkm.frontend.client.bean.GWTMail' is reachable from type argument 0 of type 'java.util.LinkedList<E>'
      'java.util.LinkedList<com.openkm.frontend.client.bean.GWTMail>' is reachable as a subtype of type 'interface java.util.List<com.openkm.frontend.client.bean.GWTMail>'
      Started from 'java.util.List<com.openkm.frontend.client.bean.GWTMail>'

java.util.Set<java.lang.String>
   Serialization status
      Not serializable
   Path
      'java.util.Set<java.lang.String>' is reachable from field 'subscriptors' of type 'com.openkm.frontend.client.bean.GWTDocument'
      'com.openkm.frontend.client.bean.GWTDocument' is reachable as a subtype of type 'class com.openkm.frontend.client.bean.GWTDocument'
      'com.openkm.frontend.client.bean.GWTDocument' is reachable from type argument 0 of type 'java.util.ArrayList<E>'
      'java.util.ArrayList<com.openkm.frontend.client.bean.GWTDocument>' is reachable as a subtype of type 'interface java.util.Collection<com.openkm.frontend.client.bean.GWTDocument>'
      'java.util.Collection<com.openkm.frontend.client.bean.GWTDocument>' is reachable from field 'attachments' of type 'com.openkm.frontend.client.bean.GWTMail'
      'com.openkm.frontend.client.bean.GWTMail' is reachable as a subtype of type 'class com.openkm.frontend.client.bean.GWTMail'
      'com.openkm.frontend.client.bean.GWTMail' is reachable from type argument 0 of type 'java.util.LinkedList<E>'
      'java.util.LinkedList<com.openkm.frontend.client.bean.GWTMail>' is reachable as a subtype of type 'interface java.util.List<com.openkm.frontend.client.bean.GWTMail>'
      Started from 'java.util.List<com.openkm.frontend.client.bean.GWTMail>'

java.util.SortedMap<E, java.lang.Boolean>
   Serialization status
      Not serializable
   Path
      'java.util.SortedMap<E, java.lang.Boolean>' is reachable from field 'map' of type 'java.util.TreeSet<E>'
      'java.util.TreeSet<java.lang.String>' is reachable as a subtype of type 'interface java.util.Set<java.lang.String>'
      'java.util.Set<java.lang.String>' is reachable from field 'subscriptors' of type 'com.openkm.frontend.client.bean.GWTDocument'
      'com.openkm.frontend.client.bean.GWTDocument' is reachable as a subtype of type 'class com.openkm.frontend.client.bean.GWTDocument'
      'com.openkm.frontend.client.bean.GWTDocument' is reachable from type argument 0 of type 'java.util.ArrayList<E>'
      'java.util.ArrayList<com.openkm.frontend.client.bean.GWTDocument>' is reachable as a subtype of type 'interface java.util.Collection<com.openkm.frontend.client.bean.GWTDocument>'
      'java.util.Collection<com.openkm.frontend.client.bean.GWTDocument>' is reachable from field 'attachments' of type 'com.openkm.frontend.client.bean.GWTMail'
      'com.openkm.frontend.client.bean.GWTMail' is reachable as a subtype of type 'class com.openkm.frontend.client.bean.GWTMail'
      'com.openkm.frontend.client.bean.GWTMail' is reachable from type argument 0 of type 'java.util.LinkedList<E>'
      'java.util.LinkedList<com.openkm.frontend.client.bean.GWTMail>' is reachable as a subtype of type 'interface java.util.List<com.openkm.frontend.client.bean.GWTMail>'
      Started from 'java.util.List<com.openkm.frontend.client.bean.GWTMail>'

java.util.Stack<com.openkm.frontend.client.bean.GWTNote>
   Serialization status
      Instantiable
   Path
      'java.util.Stack<com.openkm.frontend.client.bean.GWTNote>' is reachable as a subtype of type 'interface java.util.List<com.openkm.frontend.client.bean.GWTNote>'
      'java.util.List<com.openkm.frontend.client.bean.GWTNote>' is reachable from field 'notes' of type 'com.openkm.frontend.client.bean.GWTDocument'
      'com.openkm.frontend.client.bean.GWTDocument' is reachable as a subtype of type 'class com.openkm.frontend.client.bean.GWTDocument'
      'com.openkm.frontend.client.bean.GWTDocument' is reachable from type argument 0 of type 'java.util.ArrayList<E>'
      'java.util.ArrayList<com.openkm.frontend.client.bean.GWTDocument>' is reachable as a subtype of type 'interface java.util.Collection<com.openkm.frontend.client.bean.GWTDocument>'
      'java.util.Collection<com.openkm.frontend.client.bean.GWTDocument>' is reachable from field 'attachments' of type 'com.openkm.frontend.client.bean.GWTMail'
      'com.openkm.frontend.client.bean.GWTMail' is reachable as a subtype of type 'class com.openkm.frontend.client.bean.GWTMail'
      'com.openkm.frontend.client.bean.GWTMail' is reachable from type argument 0 of type 'java.util.LinkedList<E>'
      'java.util.LinkedList<com.openkm.frontend.client.bean.GWTMail>' is reachable as a subtype of type 'interface java.util.List<com.openkm.frontend.client.bean.GWTMail>'
      Started from 'java.util.List<com.openkm.frontend.client.bean.GWTMail>'

java.util.Stack<com.openkm.frontend.client.bean.GWTDocument>
   Serialization status
      Instantiable
   Path
      'java.util.Stack<com.openkm.frontend.client.bean.GWTDocument>' is reachable as a subtype of type 'interface java.util.Collection<com.openkm.frontend.client.bean.GWTDocument>'
      'java.util.Collection<com.openkm.frontend.client.bean.GWTDocument>' is reachable from field 'attachments' of type 'com.openkm.frontend.client.bean.GWTMail'
      'com.openkm.frontend.client.bean.GWTMail' is reachable as a subtype of type 'class com.openkm.frontend.client.bean.GWTMail'
      'com.openkm.frontend.client.bean.GWTMail' is reachable from type argument 0 of type 'java.util.LinkedList<E>'
      'java.util.LinkedList<com.openkm.frontend.client.bean.GWTMail>' is reachable as a subtype of type 'interface java.util.List<com.openkm.frontend.client.bean.GWTMail>'
      Started from 'java.util.List<com.openkm.frontend.client.bean.GWTMail>'

java.util.Stack<com.openkm.frontend.client.bean.GWTMail>
   Serialization status
      Instantiable
   Path
      'java.util.Stack<com.openkm.frontend.client.bean.GWTMail>' is reachable as a subtype of type 'interface java.util.List<com.openkm.frontend.client.bean.GWTMail>'
      Started from 'java.util.List<com.openkm.frontend.client.bean.GWTMail>'

java.util.TreeMap<E, java.lang.Boolean>
   Serialization status
      Instantiable
   Path
      'java.util.TreeMap<E, java.lang.Boolean>' is reachable as a subtype of type 'interface java.util.SortedMap<E, java.lang.Boolean>'
      'java.util.SortedMap<E, java.lang.Boolean>' is reachable from field 'map' of type 'java.util.TreeSet<E>'
      'java.util.TreeSet<java.lang.String>' is reachable as a subtype of type 'interface java.util.Set<java.lang.String>'
      'java.util.Set<java.lang.String>' is reachable from field 'subscriptors' of type 'com.openkm.frontend.client.bean.GWTDocument'
      'com.openkm.frontend.client.bean.GWTDocument' is reachable as a subtype of type 'class com.openkm.frontend.client.bean.GWTDocument'
      'com.openkm.frontend.client.bean.GWTDocument' is reachable from type argument 0 of type 'java.util.ArrayList<E>'
      'java.util.ArrayList<com.openkm.frontend.client.bean.GWTDocument>' is reachable as a subtype of type 'interface java.util.Collection<com.openkm.frontend.client.bean.GWTDocument>'
      'java.util.Collection<com.openkm.frontend.client.bean.GWTDocument>' is reachable from field 'attachments' of type 'com.openkm.frontend.client.bean.GWTMail'
      'com.openkm.frontend.client.bean.GWTMail' is reachable as a subtype of type 'class com.openkm.frontend.client.bean.GWTMail'
      'com.openkm.frontend.client.bean.GWTMail' is reachable from type argument 0 of type 'java.util.LinkedList<E>'
      'java.util.LinkedList<com.openkm.frontend.client.bean.GWTMail>' is reachable as a subtype of type 'interface java.util.List<com.openkm.frontend.client.bean.GWTMail>'
      Started from 'java.util.List<com.openkm.frontend.client.bean.GWTMail>'

java.util.TreeSet<java.lang.String>
   Serialization status
      Instantiable
   Path
      'java.util.TreeSet<java.lang.String>' is reachable as a subtype of type 'interface java.util.Set<java.lang.String>'
      'java.util.Set<java.lang.String>' is reachable from field 'subscriptors' of type 'com.openkm.frontend.client.bean.GWTDocument'
      'com.openkm.frontend.client.bean.GWTDocument' is reachable as a subtype of type 'class com.openkm.frontend.client.bean.GWTDocument'
      'com.openkm.frontend.client.bean.GWTDocument' is reachable from type argument 0 of type 'java.util.ArrayList<E>'
      'java.util.ArrayList<com.openkm.frontend.client.bean.GWTDocument>' is reachable as a subtype of type 'interface java.util.Collection<com.openkm.frontend.client.bean.GWTDocument>'
      'java.util.Collection<com.openkm.frontend.client.bean.GWTDocument>' is reachable from field 'attachments' of type 'com.openkm.frontend.client.bean.GWTMail'
      'com.openkm.frontend.client.bean.GWTMail' is reachable as a subtype of type 'class com.openkm.frontend.client.bean.GWTMail'
      'com.openkm.frontend.client.bean.GWTMail' is reachable from type argument 0 of type 'java.util.LinkedList<E>'
      'java.util.LinkedList<com.openkm.frontend.client.bean.GWTMail>' is reachable as a subtype of type 'interface java.util.List<com.openkm.frontend.client.bean.GWTMail>'
      Started from 'java.util.List<com.openkm.frontend.client.bean.GWTMail>'

java.util.TreeSet<com.openkm.frontend.client.bean.GWTFolder>
   Serialization status
      Instantiable
   Path
      'java.util.TreeSet<com.openkm.frontend.client.bean.GWTFolder>' is reachable as a subtype of type 'interface java.util.Set<com.openkm.frontend.client.bean.GWTFolder>'
      'java.util.Set<com.openkm.frontend.client.bean.GWTFolder>' is reachable from field 'categories' of type 'com.openkm.frontend.client.bean.GWTDocument'
      'com.openkm.frontend.client.bean.GWTDocument' is reachable as a subtype of type 'class com.openkm.frontend.client.bean.GWTDocument'
      'com.openkm.frontend.client.bean.GWTDocument' is reachable from type argument 0 of type 'java.util.ArrayList<E>'
      'java.util.ArrayList<com.openkm.frontend.client.bean.GWTDocument>' is reachable as a subtype of type 'interface java.util.Collection<com.openkm.frontend.client.bean.GWTDocument>'
      'java.util.Collection<com.openkm.frontend.client.bean.GWTDocument>' is reachable from field 'attachments' of type 'com.openkm.frontend.client.bean.GWTMail'
      'com.openkm.frontend.client.bean.GWTMail' is reachable as a subtype of type 'class com.openkm.frontend.client.bean.GWTMail'
      'com.openkm.frontend.client.bean.GWTMail' is reachable from type argument 0 of type 'java.util.LinkedList<E>'
      'java.util.LinkedList<com.openkm.frontend.client.bean.GWTMail>' is reachable as a subtype of type 'interface java.util.List<com.openkm.frontend.client.bean.GWTMail>'
      Started from 'java.util.List<com.openkm.frontend.client.bean.GWTMail>'

java.util.TreeSet<com.openkm.frontend.client.bean.GWTDocument>
   Serialization status
      Instantiable
   Path
      'java.util.TreeSet<com.openkm.frontend.client.bean.GWTDocument>' is reachable as a subtype of type 'interface java.util.Collection<com.openkm.frontend.client.bean.GWTDocument>'
      'java.util.Collection<com.openkm.frontend.client.bean.GWTDocument>' is reachable from field 'attachments' of type 'com.openkm.frontend.client.bean.GWTMail'
      'com.openkm.frontend.client.bean.GWTMail' is reachable as a subtype of type 'class com.openkm.frontend.client.bean.GWTMail'
      'com.openkm.frontend.client.bean.GWTMail' is reachable from type argument 0 of type 'java.util.LinkedList<E>'
      'java.util.LinkedList<com.openkm.frontend.client.bean.GWTMail>' is reachable as a subtype of type 'interface java.util.List<com.openkm.frontend.client.bean.GWTMail>'
      Started from 'java.util.List<com.openkm.frontend.client.bean.GWTMail>'

java.util.Vector<com.openkm.frontend.client.bean.GWTMail>
   Serialization status
      Instantiable
   Path
      'java.util.Vector<com.openkm.frontend.client.bean.GWTMail>' is reachable as a supertype of type 'class java.util.Stack<com.openkm.frontend.client.bean.GWTMail>'
      'java.util.Stack<com.openkm.frontend.client.bean.GWTMail>' is reachable as a subtype of type 'interface java.util.List<com.openkm.frontend.client.bean.GWTMail>'
      Started from 'java.util.List<com.openkm.frontend.client.bean.GWTMail>'

java.util.Vector<com.openkm.frontend.client.bean.GWTDocument>
   Serialization status
      Instantiable
   Path
      'java.util.Vector<com.openkm.frontend.client.bean.GWTDocument>' is reachable as a supertype of type 'class java.util.Stack<com.openkm.frontend.client.bean.GWTDocument>'
      'java.util.Stack<com.openkm.frontend.client.bean.GWTDocument>' is reachable as a subtype of type 'interface java.util.Collection<com.openkm.frontend.client.bean.GWTDocument>'
      'java.util.Collection<com.openkm.frontend.client.bean.GWTDocument>' is reachable from field 'attachments' of type 'com.openkm.frontend.client.bean.GWTMail'
      'com.openkm.frontend.client.bean.GWTMail' is reachable as a subtype of type 'class com.openkm.frontend.client.bean.GWTMail'
      'com.openkm.frontend.client.bean.GWTMail' is reachable from type argument 0 of type 'java.util.LinkedList<E>'
      'java.util.LinkedList<com.openkm.frontend.client.bean.GWTMail>' is reachable as a subtype of type 'interface java.util.List<com.openkm.frontend.client.bean.GWTMail>'
      Started from 'java.util.List<com.openkm.frontend.client.bean.GWTMail>'

java.util.Vector<com.openkm.frontend.client.bean.GWTNote>
   Serialization status
      Instantiable
   Path
      'java.util.Vector<com.openkm.frontend.client.bean.GWTNote>' is reachable as a supertype of type 'class java.util.Stack<com.openkm.frontend.client.bean.GWTNote>'
      'java.util.Stack<com.openkm.frontend.client.bean.GWTNote>' is reachable as a subtype of type 'interface java.util.List<com.openkm.frontend.client.bean.GWTNote>'
      'java.util.List<com.openkm.frontend.client.bean.GWTNote>' is reachable from field 'notes' of type 'com.openkm.frontend.client.bean.GWTDocument'
      'com.openkm.frontend.client.bean.GWTDocument' is reachable as a subtype of type 'class com.openkm.frontend.client.bean.GWTDocument'
      'com.openkm.frontend.client.bean.GWTDocument' is reachable from type argument 0 of type 'java.util.ArrayList<E>'
      'java.util.ArrayList<com.openkm.frontend.client.bean.GWTDocument>' is reachable as a subtype of type 'interface java.util.Collection<com.openkm.frontend.client.bean.GWTDocument>'
      'java.util.Collection<com.openkm.frontend.client.bean.GWTDocument>' is reachable from field 'attachments' of type 'com.openkm.frontend.client.bean.GWTMail'
      'com.openkm.frontend.client.bean.GWTMail' is reachable as a subtype of type 'class com.openkm.frontend.client.bean.GWTMail'
      'com.openkm.frontend.client.bean.GWTMail' is reachable from type argument 0 of type 'java.util.LinkedList<E>'
      'java.util.LinkedList<com.openkm.frontend.client.bean.GWTMail>' is reachable as a subtype of type 'interface java.util.List<com.openkm.frontend.client.bean.GWTMail>'
      Started from 'java.util.List<com.openkm.frontend.client.bean.GWTMail>'

long
   Serialization status
      Not serializable
   Path
      'long' is reachable from field 'size' of type 'com.openkm.frontend.client.bean.GWTMail'
      'com.openkm.frontend.client.bean.GWTMail' is reachable as a subtype of type 'class com.openkm.frontend.client.bean.GWTMail'
      'com.openkm.frontend.client.bean.GWTMail' is reachable from type argument 0 of type 'java.util.LinkedList<E>'
      'java.util.LinkedList<com.openkm.frontend.client.bean.GWTMail>' is reachable as a subtype of type 'interface java.util.List<com.openkm.frontend.client.bean.GWTMail>'
      Started from 'java.util.List<com.openkm.frontend.client.bean.GWTMail>'

